<?xml version="1.0" encoding="UTF-8"?>
<testsuite xmlns:xsi="http://www.w3.org/2001/XMLSchema-instance" xsi:noNamespaceSchemaLocation="https://maven.apache.org/surefire/maven-surefire-plugin/xsd/surefire-test-report.xsd" name="MathResearch2019.Tests.ReconfigurationGraphTest" time="25.088" tests="1677" errors="0" skipped="0" failures="0">
  <properties>
[...]
</properties>
  <testcase name="testSize" classname="MathResearch2019.Tests.ReconfigurationGraphTest" time="0.022"/>
  <testcase name="testGraphContains{String}[1]" classname="MathResearch2019.Tests.ReconfigurationGraphTest" time="0.031"/>
  <testcase name="testGraphContains{String}[2]" classname="MathResearch2019.Tests.ReconfigurationGraphTest" time="0.001"/>
  <testcase name="testGraphContains{String}[3]" classname="MathResearch2019.Tests.ReconfigurationGraphTest" time="0.001"/>
  <testcase name="testGraphContains{String}[4]" classname="MathResearch2019.Tests.ReconfigurationGraphTest" time="0.001"/>
  <testcase name="testGraphContains{String}[5]" classname="MathResearch2019.Tests.ReconfigurationGraphTest" time="0.002"/>
  <testcase name="testGraphContains{String}[6]" classname="MathResearch2019.Tests.ReconfigurationGraphTest" time="0"/>
  <testcase name="testGraphContains{String}[7]" classname="MathResearch2019.Tests.ReconfigurationGraphTest" time="0.001"/>
  <testcase name="testGraphContains{String}[8]" classname="MathResearch2019.Tests.ReconfigurationGraphTest" time="0.001"/>
  <testcase name="testGraphContains{String}[9]" classname="MathResearch2019.Tests.ReconfigurationGraphTest" time="0.001"/>
  <testcase name="testGraphContains{String}[10]" classname="MathResearch2019.Tests.ReconfigurationGraphTest" time="0.001"/>
  <testcase name="testGraphContains{String}[11]" classname="MathResearch2019.Tests.ReconfigurationGraphTest" time="0.001"/>
  <testcase name="testGraphContains{String}[12]" classname="MathResearch2019.Tests.ReconfigurationGraphTest" time="0.001"/>
  <testcase name="testGraphContains{String}[13]" classname="MathResearch2019.Tests.ReconfigurationGraphTest" time="0.001"/>
  <testcase name="testGraphContains{String}[14]" classname="MathResearch2019.Tests.ReconfigurationGraphTest" time="0"/>
  <testcase name="testGraphContains{String}[15]" classname="MathResearch2019.Tests.ReconfigurationGraphTest" time="0.001"/>
  <testcase name="testGraphContains{String}[16]" classname="MathResearch2019.Tests.ReconfigurationGraphTest" time="0.001"/>
  <testcase name="testGraphContains{String}[17]" classname="MathResearch2019.Tests.ReconfigurationGraphTest" time="0.002"/>
  <testcase name="testGraphContains{String}[18]" classname="MathResearch2019.Tests.ReconfigurationGraphTest" time="0.001"/>
  <testcase name="testGraphContains{String}[19]" classname="MathResearch2019.Tests.ReconfigurationGraphTest" time="0.001"/>
  <testcase name="testGraphContains{String}[20]" classname="MathResearch2019.Tests.ReconfigurationGraphTest" time="0"/>
  <testcase name="testGraphContains{String}[21]" classname="MathResearch2019.Tests.ReconfigurationGraphTest" time="0.001"/>
  <testcase name="testGraphContains{String}[22]" classname="MathResearch2019.Tests.ReconfigurationGraphTest" time="0.001"/>
  <testcase name="testGraphContains{String}[23]" classname="MathResearch2019.Tests.ReconfigurationGraphTest" time="0.001"/>
  <testcase name="testGraphContains{String}[24]" classname="MathResearch2019.Tests.ReconfigurationGraphTest" time="0"/>
  <testcase name="testGraphContains{String}[25]" classname="MathResearch2019.Tests.ReconfigurationGraphTest" time="0.001"/>
  <testcase name="testGraphContains{String}[26]" classname="MathResearch2019.Tests.ReconfigurationGraphTest" time="0.001"/>
  <testcase name="testGraphContains{String}[27]" classname="MathResearch2019.Tests.ReconfigurationGraphTest" time="0"/>
  <testcase name="testGraphContains{String}[28]" classname="MathResearch2019.Tests.ReconfigurationGraphTest" time="0.001"/>
  <testcase name="testGraphContains{String}[29]" classname="MathResearch2019.Tests.ReconfigurationGraphTest" time="0"/>
  <testcase name="testGraphContains{String}[30]" classname="MathResearch2019.Tests.ReconfigurationGraphTest" time="0.001"/>
  <testcase name="testGraphContains{String}[31]" classname="MathResearch2019.Tests.ReconfigurationGraphTest" time="0"/>
  <testcase name="testGraphContains{String}[32]" classname="MathResearch2019.Tests.ReconfigurationGraphTest" time="0.001"/>
  <testcase name="testGraphContains{String}[33]" classname="MathResearch2019.Tests.ReconfigurationGraphTest" time="0.001"/>
  <testcase name="testGraphContains{String}[34]" classname="MathResearch2019.Tests.ReconfigurationGraphTest" time="0.001"/>
  <testcase name="testGraphContains{String}[35]" classname="MathResearch2019.Tests.ReconfigurationGraphTest" time="0.001"/>
  <testcase name="testGraphContains{String}[36]" classname="MathResearch2019.Tests.ReconfigurationGraphTest" time="0"/>
  <testcase name="testGraphContains{String}[37]" classname="MathResearch2019.Tests.ReconfigurationGraphTest" time="0"/>
  <testcase name="testGraphContains{String}[38]" classname="MathResearch2019.Tests.ReconfigurationGraphTest" time="0"/>
  <testcase name="testGraphContains{String}[39]" classname="MathResearch2019.Tests.ReconfigurationGraphTest" time="0"/>
  <testcase name="testGraphContains{String}[40]" classname="MathResearch2019.Tests.ReconfigurationGraphTest" time="0.001"/>
  <testcase name="testGraphContains{String}[41]" classname="MathResearch2019.Tests.ReconfigurationGraphTest" time="0.001"/>
  <testcase name="testGraphContains{String}[42]" classname="MathResearch2019.Tests.ReconfigurationGraphTest" time="0"/>
  <testcase name="testGraphContains{String}[43]" classname="MathResearch2019.Tests.ReconfigurationGraphTest" time="0"/>
  <testcase name="testGraphContains{String}[44]" classname="MathResearch2019.Tests.ReconfigurationGraphTest" time="0.001"/>
  <testcase name="testGraphContains{String}[45]" classname="MathResearch2019.Tests.ReconfigurationGraphTest" time="0.004"/>
  <testcase name="testGraphContains{String}[46]" classname="MathResearch2019.Tests.ReconfigurationGraphTest" time="0.001"/>
  <testcase name="testGraphContains{String}[47]" classname="MathResearch2019.Tests.ReconfigurationGraphTest" time="0"/>
  <testcase name="testGraphContains{String}[48]" classname="MathResearch2019.Tests.ReconfigurationGraphTest" time="0.001"/>
  <testcase name="testGraphContains{String}[49]" classname="MathResearch2019.Tests.ReconfigurationGraphTest" time="0.001"/>
  <testcase name="testGraphContains{String}[50]" classname="MathResearch2019.Tests.ReconfigurationGraphTest" time="0"/>
  <testcase name="testGraphContains{String}[51]" classname="MathResearch2019.Tests.ReconfigurationGraphTest" time="0.001"/>
  <testcase name="testGraphContains{String}[52]" classname="MathResearch2019.Tests.ReconfigurationGraphTest" time="0"/>
  <testcase name="testGraphContains{String}[53]" classname="MathResearch2019.Tests.ReconfigurationGraphTest" time="0"/>
  <testcase name="testGraphContains{String}[54]" classname="MathResearch2019.Tests.ReconfigurationGraphTest" time="0"/>
  <testcase name="testGraphContains{String}[55]" classname="MathResearch2019.Tests.ReconfigurationGraphTest" time="0"/>
  <testcase name="testGraphContains{String}[56]" classname="MathResearch2019.Tests.ReconfigurationGraphTest" time="0.001"/>
  <testcase name="testGraphContains{String}[57]" classname="MathResearch2019.Tests.ReconfigurationGraphTest" time="0"/>
  <testcase name="testGraphContains{String}[58]" classname="MathResearch2019.Tests.ReconfigurationGraphTest" time="0"/>
  <testcase name="testGraphContains{String}[59]" classname="MathResearch2019.Tests.ReconfigurationGraphTest" time="0"/>
  <testcase name="testGraphContains{String}[60]" classname="MathResearch2019.Tests.ReconfigurationGraphTest" time="0"/>
  <testcase name="testGraphContains{String}[61]" classname="MathResearch2019.Tests.ReconfigurationGraphTest" time="0"/>
  <testcase name="testGraphContains{String}[62]" classname="MathResearch2019.Tests.ReconfigurationGraphTest" time="0.001"/>
  <testcase name="testGraphContains{String}[63]" classname="MathResearch2019.Tests.ReconfigurationGraphTest" time="0.001"/>
  <testcase name="testGraphContains{String}[64]" classname="MathResearch2019.Tests.ReconfigurationGraphTest" time="0.001"/>
  <testcase name="testGraphContains{String}[65]" classname="MathResearch2019.Tests.ReconfigurationGraphTest" time="0.001"/>
  <testcase name="testGraphContains{String}[66]" classname="MathResearch2019.Tests.ReconfigurationGraphTest" time="0.001"/>
  <testcase name="testGraphContains{String}[67]" classname="MathResearch2019.Tests.ReconfigurationGraphTest" time="0"/>
  <testcase name="testGraphContains{String}[68]" classname="MathResearch2019.Tests.ReconfigurationGraphTest" time="0"/>
  <testcase name="testGraphContains{String}[69]" classname="MathResearch2019.Tests.ReconfigurationGraphTest" time="0"/>
  <testcase name="testGraphContains{String}[70]" classname="MathResearch2019.Tests.ReconfigurationGraphTest" time="0.001"/>
  <testcase name="testGraphContains{String}[71]" classname="MathResearch2019.Tests.ReconfigurationGraphTest" time="0"/>
  <testcase name="testGraphContains{String}[72]" classname="MathResearch2019.Tests.ReconfigurationGraphTest" time="0"/>
  <testcase name="testGraphContains{String}[73]" classname="MathResearch2019.Tests.ReconfigurationGraphTest" time="0.001"/>
  <testcase name="testGraphContains{String}[74]" classname="MathResearch2019.Tests.ReconfigurationGraphTest" time="0.001"/>
  <testcase name="testGraphContains{String}[75]" classname="MathResearch2019.Tests.ReconfigurationGraphTest" time="0"/>
  <testcase name="testGraphContains{String}[76]" classname="MathResearch2019.Tests.ReconfigurationGraphTest" time="0"/>
  <testcase name="testGraphContains{String}[77]" classname="MathResearch2019.Tests.ReconfigurationGraphTest" time="0.001"/>
  <testcase name="testGraphContains{String}[78]" classname="MathResearch2019.Tests.ReconfigurationGraphTest" time="0"/>
  <testcase name="testGraphContains{String}[79]" classname="MathResearch2019.Tests.ReconfigurationGraphTest" time="0"/>
  <testcase name="testGraphContains{String}[80]" classname="MathResearch2019.Tests.ReconfigurationGraphTest" time="0.001"/>
  <testcase name="testGraphContains{String}[81]" classname="MathResearch2019.Tests.ReconfigurationGraphTest" time="0.001"/>
  <testcase name="testGraphContains{String}[82]" classname="MathResearch2019.Tests.ReconfigurationGraphTest" time="0.001"/>
  <testcase name="testGraphContains{String}[83]" classname="MathResearch2019.Tests.ReconfigurationGraphTest" time="0.001"/>
  <testcase name="testGraphContains{String}[84]" classname="MathResearch2019.Tests.ReconfigurationGraphTest" time="0"/>
  <testcase name="testGraphContains{String}[85]" classname="MathResearch2019.Tests.ReconfigurationGraphTest" time="0"/>
  <testcase name="testGraphContains{String}[86]" classname="MathResearch2019.Tests.ReconfigurationGraphTest" time="0.001"/>
  <testcase name="testGraphContains{String}[87]" classname="MathResearch2019.Tests.ReconfigurationGraphTest" time="0.001"/>
  <testcase name="testGraphContains{String}[88]" classname="MathResearch2019.Tests.ReconfigurationGraphTest" time="0"/>
  <testcase name="testGraphContains{String}[89]" classname="MathResearch2019.Tests.ReconfigurationGraphTest" time="0"/>
  <testcase name="testGraphContains{String}[90]" classname="MathResearch2019.Tests.ReconfigurationGraphTest" time="0"/>
  <testcase name="testGraphContains{String}[91]" classname="MathResearch2019.Tests.ReconfigurationGraphTest" time="0"/>
  <testcase name="testGraphContains{String}[92]" classname="MathResearch2019.Tests.ReconfigurationGraphTest" time="0"/>
  <testcase name="testGraphContains{String}[93]" classname="MathResearch2019.Tests.ReconfigurationGraphTest" time="0"/>
  <testcase name="testGraphContains{String}[94]" classname="MathResearch2019.Tests.ReconfigurationGraphTest" time="0.001"/>
  <testcase name="testGraphContains{String}[95]" classname="MathResearch2019.Tests.ReconfigurationGraphTest" time="0.001"/>
  <testcase name="testGraphContains{String}[96]" classname="MathResearch2019.Tests.ReconfigurationGraphTest" time="0"/>
  <testcase name="testGraphContains{String}[97]" classname="MathResearch2019.Tests.ReconfigurationGraphTest" time="0.001"/>
  <testcase name="testGraphContains{String}[98]" classname="MathResearch2019.Tests.ReconfigurationGraphTest" time="0.001"/>
  <testcase name="testGraphContains{String}[99]" classname="MathResearch2019.Tests.ReconfigurationGraphTest" time="0.001"/>
  <testcase name="testGraphContains{String}[100]" classname="MathResearch2019.Tests.ReconfigurationGraphTest" time="0"/>
  <testcase name="testGraphContains{String}[101]" classname="MathResearch2019.Tests.ReconfigurationGraphTest" time="0.002"/>
  <testcase name="testGraphContains{String}[102]" classname="MathResearch2019.Tests.ReconfigurationGraphTest" time="0"/>
  <testcase name="testGraphContains{String}[103]" classname="MathResearch2019.Tests.ReconfigurationGraphTest" time="0.001"/>
  <testcase name="testGraphContains{String}[104]" classname="MathResearch2019.Tests.ReconfigurationGraphTest" time="0.001"/>
  <testcase name="testGraphContains{String}[105]" classname="MathResearch2019.Tests.ReconfigurationGraphTest" time="0.001"/>
  <testcase name="testGraphContains{String}[106]" classname="MathResearch2019.Tests.ReconfigurationGraphTest" time="0"/>
  <testcase name="testGraphContains{String}[107]" classname="MathResearch2019.Tests.ReconfigurationGraphTest" time="0"/>
  <testcase name="testGraphContains{String}[108]" classname="MathResearch2019.Tests.ReconfigurationGraphTest" time="0.001"/>
  <testcase name="testGraphContains{String}[109]" classname="MathResearch2019.Tests.ReconfigurationGraphTest" time="0.001"/>
  <testcase name="testGraphContains{String}[110]" classname="MathResearch2019.Tests.ReconfigurationGraphTest" time="0.001"/>
  <testcase name="testGraphContains{String}[111]" classname="MathResearch2019.Tests.ReconfigurationGraphTest" time="0"/>
  <testcase name="testGraphContains{String}[112]" classname="MathResearch2019.Tests.ReconfigurationGraphTest" time="0.001"/>
  <testcase name="testGraphContains{String}[113]" classname="MathResearch2019.Tests.ReconfigurationGraphTest" time="0"/>
  <testcase name="testGraphContains{String}[114]" classname="MathResearch2019.Tests.ReconfigurationGraphTest" time="0.001"/>
  <testcase name="testGraphContains{String}[115]" classname="MathResearch2019.Tests.ReconfigurationGraphTest" time="0"/>
  <testcase name="testGraphContains{String}[116]" classname="MathResearch2019.Tests.ReconfigurationGraphTest" time="0.001"/>
  <testcase name="testGraphContains{String}[117]" classname="MathResearch2019.Tests.ReconfigurationGraphTest" time="0.002"/>
  <testcase name="testGraphContains{String}[118]" classname="MathResearch2019.Tests.ReconfigurationGraphTest" time="0"/>
  <testcase name="testGraphContains{String}[119]" classname="MathResearch2019.Tests.ReconfigurationGraphTest" time="0"/>
  <testcase name="testGraphContains{String}[120]" classname="MathResearch2019.Tests.ReconfigurationGraphTest" time="0.001"/>
  <testcase name="testGraphContains{String}[121]" classname="MathResearch2019.Tests.ReconfigurationGraphTest" time="0"/>
  <testcase name="testGraphContains{String}[122]" classname="MathResearch2019.Tests.ReconfigurationGraphTest" time="0.002"/>
  <testcase name="testGraphContains{String}[123]" classname="MathResearch2019.Tests.ReconfigurationGraphTest" time="0.001"/>
  <testcase name="testGraphContains{String}[124]" classname="MathResearch2019.Tests.ReconfigurationGraphTest" time="0.001"/>
  <testcase name="testGraphContains{String}[125]" classname="MathResearch2019.Tests.ReconfigurationGraphTest" time="0.001"/>
  <testcase name="testGraphContains{String}[126]" classname="MathResearch2019.Tests.ReconfigurationGraphTest" time="0.001"/>
  <testcase name="testGraphContains{String}[127]" classname="MathResearch2019.Tests.ReconfigurationGraphTest" time="0.001"/>
  <testcase name="testGraphContains{String}[128]" classname="MathResearch2019.Tests.ReconfigurationGraphTest" time="0"/>
  <testcase name="testGraphContains{String}[129]" classname="MathResearch2019.Tests.ReconfigurationGraphTest" time="0"/>
  <testcase name="testGraphContains{String}[130]" classname="MathResearch2019.Tests.ReconfigurationGraphTest" time="0"/>
  <testcase name="testGraphContains{String}[131]" classname="MathResearch2019.Tests.ReconfigurationGraphTest" time="0.001"/>
  <testcase name="testGraphContains{String}[132]" classname="MathResearch2019.Tests.ReconfigurationGraphTest" time="0.001"/>
  <testcase name="testGraphContains{String}[133]" classname="MathResearch2019.Tests.ReconfigurationGraphTest" time="0.001"/>
  <testcase name="testGraphContains{String}[134]" classname="MathResearch2019.Tests.ReconfigurationGraphTest" time="0.001"/>
  <testcase name="testGraphContains{String}[135]" classname="MathResearch2019.Tests.ReconfigurationGraphTest" time="0"/>
  <testcase name="testGraphContains{String}[136]" classname="MathResearch2019.Tests.ReconfigurationGraphTest" time="0"/>
  <testcase name="testGraphContains{String}[137]" classname="MathResearch2019.Tests.ReconfigurationGraphTest" time="0"/>
  <testcase name="testGraphContains{String}[138]" classname="MathResearch2019.Tests.ReconfigurationGraphTest" time="0"/>
  <testcase name="testGraphContains{String}[139]" classname="MathResearch2019.Tests.ReconfigurationGraphTest" time="0.001"/>
  <testcase name="testGraphContains{String}[140]" classname="MathResearch2019.Tests.ReconfigurationGraphTest" time="0"/>
  <testcase name="testGraphContains{String}[141]" classname="MathResearch2019.Tests.ReconfigurationGraphTest" time="0.001"/>
  <testcase name="testGraphContains{String}[142]" classname="MathResearch2019.Tests.ReconfigurationGraphTest" time="0"/>
  <testcase name="testGraphContains{String}[143]" classname="MathResearch2019.Tests.ReconfigurationGraphTest" time="0"/>
  <testcase name="testGraphContains{String}[144]" classname="MathResearch2019.Tests.ReconfigurationGraphTest" time="0"/>
  <testcase name="testGraphContains{String}[145]" classname="MathResearch2019.Tests.ReconfigurationGraphTest" time="0.001"/>
  <testcase name="testGraphContains{String}[146]" classname="MathResearch2019.Tests.ReconfigurationGraphTest" time="0.001"/>
  <testcase name="testGraphContains{String}[147]" classname="MathResearch2019.Tests.ReconfigurationGraphTest" time="0"/>
  <testcase name="testGraphContains{String}[148]" classname="MathResearch2019.Tests.ReconfigurationGraphTest" time="0"/>
  <testcase name="testGraphContains{String}[149]" classname="MathResearch2019.Tests.ReconfigurationGraphTest" time="0"/>
  <testcase name="testGraphContains{String}[150]" classname="MathResearch2019.Tests.ReconfigurationGraphTest" time="0"/>
  <testcase name="testGraphContains{String}[151]" classname="MathResearch2019.Tests.ReconfigurationGraphTest" time="0.001"/>
  <testcase name="testGraphContains{String}[152]" classname="MathResearch2019.Tests.ReconfigurationGraphTest" time="0.001"/>
  <testcase name="testGraphContains{String}[153]" classname="MathResearch2019.Tests.ReconfigurationGraphTest" time="0.001"/>
  <testcase name="testGraphContains{String}[154]" classname="MathResearch2019.Tests.ReconfigurationGraphTest" time="0.001"/>
  <testcase name="testGraphContains{String}[155]" classname="MathResearch2019.Tests.ReconfigurationGraphTest" time="0"/>
  <testcase name="testGraphContains{String}[156]" classname="MathResearch2019.Tests.ReconfigurationGraphTest" time="0"/>
  <testcase name="testGraphContains{String}[157]" classname="MathResearch2019.Tests.ReconfigurationGraphTest" time="0"/>
  <testcase name="testGraphContains{String}[158]" classname="MathResearch2019.Tests.ReconfigurationGraphTest" time="0"/>
  <testcase name="testGraphContains{String}[159]" classname="MathResearch2019.Tests.ReconfigurationGraphTest" time="0.001"/>
  <testcase name="testGraphContains{String}[160]" classname="MathResearch2019.Tests.ReconfigurationGraphTest" time="0"/>
  <testcase name="testGraphContains{String}[161]" classname="MathResearch2019.Tests.ReconfigurationGraphTest" time="0"/>
  <testcase name="testGraphContains{String}[162]" classname="MathResearch2019.Tests.ReconfigurationGraphTest" time="0"/>
  <testcase name="testGraphContains{String}[163]" classname="MathResearch2019.Tests.ReconfigurationGraphTest" time="0"/>
  <testcase name="testGraphContains{String}[164]" classname="MathResearch2019.Tests.ReconfigurationGraphTest" time="0"/>
  <testcase name="testGraphContains{String}[165]" classname="MathResearch2019.Tests.ReconfigurationGraphTest" time="0.001"/>
  <testcase name="testGraphContains{String}[166]" classname="MathResearch2019.Tests.ReconfigurationGraphTest" time="0"/>
  <testcase name="testGraphContains{String}[167]" classname="MathResearch2019.Tests.ReconfigurationGraphTest" time="0.001"/>
  <testcase name="testGraphContains{String}[168]" classname="MathResearch2019.Tests.ReconfigurationGraphTest" time="0.001"/>
  <testcase name="testGraphContains{String}[169]" classname="MathResearch2019.Tests.ReconfigurationGraphTest" time="0.001"/>
  <testcase name="testGraphContains{String}[170]" classname="MathResearch2019.Tests.ReconfigurationGraphTest" time="0"/>
  <testcase name="testGraphContains{String}[171]" classname="MathResearch2019.Tests.ReconfigurationGraphTest" time="0"/>
  <testcase name="testGraphContains{String}[172]" classname="MathResearch2019.Tests.ReconfigurationGraphTest" time="0"/>
  <testcase name="testGraphContains{String}[173]" classname="MathResearch2019.Tests.ReconfigurationGraphTest" time="0.001"/>
  <testcase name="testGraphContains{String}[174]" classname="MathResearch2019.Tests.ReconfigurationGraphTest" time="0"/>
  <testcase name="testGraphContains{String}[175]" classname="MathResearch2019.Tests.ReconfigurationGraphTest" time="0.001"/>
  <testcase name="testGraphContains{String}[176]" classname="MathResearch2019.Tests.ReconfigurationGraphTest" time="0"/>
  <testcase name="testGraphContains{String}[177]" classname="MathResearch2019.Tests.ReconfigurationGraphTest" time="0"/>
  <testcase name="testGraphContains{String}[178]" classname="MathResearch2019.Tests.ReconfigurationGraphTest" time="0"/>
  <testcase name="testGraphContains{String}[179]" classname="MathResearch2019.Tests.ReconfigurationGraphTest" time="0"/>
  <testcase name="testGraphContains{String}[180]" classname="MathResearch2019.Tests.ReconfigurationGraphTest" time="0"/>
  <testcase name="testGraphContains{String}[181]" classname="MathResearch2019.Tests.ReconfigurationGraphTest" time="0"/>
  <testcase name="testGraphContains{String}[182]" classname="MathResearch2019.Tests.ReconfigurationGraphTest" time="0"/>
  <testcase name="testGraphContains{String}[183]" classname="MathResearch2019.Tests.ReconfigurationGraphTest" time="0.001"/>
  <testcase name="testGraphContains{String}[184]" classname="MathResearch2019.Tests.ReconfigurationGraphTest" time="0.001"/>
  <testcase name="testGraphContains{String}[185]" classname="MathResearch2019.Tests.ReconfigurationGraphTest" time="0"/>
  <testcase name="testGraphContains{String}[186]" classname="MathResearch2019.Tests.ReconfigurationGraphTest" time="0"/>
  <testcase name="testGraphContains{String}[187]" classname="MathResearch2019.Tests.ReconfigurationGraphTest" time="0.001"/>
  <testcase name="testGraphContains{String}[188]" classname="MathResearch2019.Tests.ReconfigurationGraphTest" time="0"/>
  <testcase name="testGraphContains{String}[189]" classname="MathResearch2019.Tests.ReconfigurationGraphTest" time="0"/>
  <testcase name="testGraphContains{String}[190]" classname="MathResearch2019.Tests.ReconfigurationGraphTest" time="0.001"/>
  <testcase name="testGraphContains{String}[191]" classname="MathResearch2019.Tests.ReconfigurationGraphTest" time="0.001"/>
  <testcase name="testGraphContains{String}[192]" classname="MathResearch2019.Tests.ReconfigurationGraphTest" time="0.001"/>
  <testcase name="testGraphContains{String}[193]" classname="MathResearch2019.Tests.ReconfigurationGraphTest" time="0"/>
  <testcase name="testGraphContains{String}[194]" classname="MathResearch2019.Tests.ReconfigurationGraphTest" time="0.001"/>
  <testcase name="testGraphContains{String}[195]" classname="MathResearch2019.Tests.ReconfigurationGraphTest" time="0.001"/>
  <testcase name="testGraphContains{String}[196]" classname="MathResearch2019.Tests.ReconfigurationGraphTest" time="0"/>
  <testcase name="testGraphContains{String}[197]" classname="MathResearch2019.Tests.ReconfigurationGraphTest" time="0.001"/>
  <testcase name="testGraphContains{String}[198]" classname="MathResearch2019.Tests.ReconfigurationGraphTest" time="0.001"/>
  <testcase name="testGraphContains{String}[199]" classname="MathResearch2019.Tests.ReconfigurationGraphTest" time="0"/>
  <testcase name="testGraphContains{String}[200]" classname="MathResearch2019.Tests.ReconfigurationGraphTest" time="0"/>
  <testcase name="testGraphContains{String}[201]" classname="MathResearch2019.Tests.ReconfigurationGraphTest" time="0.001"/>
  <testcase name="testGraphContains{String}[202]" classname="MathResearch2019.Tests.ReconfigurationGraphTest" time="0"/>
  <testcase name="testGraphContains{String}[203]" classname="MathResearch2019.Tests.ReconfigurationGraphTest" time="0.001"/>
  <testcase name="testGraphContains{String}[204]" classname="MathResearch2019.Tests.ReconfigurationGraphTest" time="0"/>
  <testcase name="testGraphContains{String}[205]" classname="MathResearch2019.Tests.ReconfigurationGraphTest" time="0.001"/>
  <testcase name="testGraphContains{String}[206]" classname="MathResearch2019.Tests.ReconfigurationGraphTest" time="0.001"/>
  <testcase name="testGraphContains{String}[207]" classname="MathResearch2019.Tests.ReconfigurationGraphTest" time="0.001"/>
  <testcase name="testGraphContains{String}[208]" classname="MathResearch2019.Tests.ReconfigurationGraphTest" time="0"/>
  <testcase name="testGraphContains{String}[209]" classname="MathResearch2019.Tests.ReconfigurationGraphTest" time="0"/>
  <testcase name="testGraphContains{String}[210]" classname="MathResearch2019.Tests.ReconfigurationGraphTest" time="0"/>
  <testcase name="testGraphContains{String}[211]" classname="MathResearch2019.Tests.ReconfigurationGraphTest" time="0"/>
  <testcase name="testGraphContains{String}[212]" classname="MathResearch2019.Tests.ReconfigurationGraphTest" time="0"/>
  <testcase name="testGraphContains{String}[213]" classname="MathResearch2019.Tests.ReconfigurationGraphTest" time="0.001"/>
  <testcase name="testGraphContains{String}[214]" classname="MathResearch2019.Tests.ReconfigurationGraphTest" time="0"/>
  <testcase name="testGraphContains{String}[215]" classname="MathResearch2019.Tests.ReconfigurationGraphTest" time="0.001"/>
  <testcase name="testGraphContains{String}[216]" classname="MathResearch2019.Tests.ReconfigurationGraphTest" time="0.001"/>
  <testcase name="testGraphContains{String}[217]" classname="MathResearch2019.Tests.ReconfigurationGraphTest" time="0"/>
  <testcase name="testGraphContains{String}[218]" classname="MathResearch2019.Tests.ReconfigurationGraphTest" time="0"/>
  <testcase name="testGraphContains{String}[219]" classname="MathResearch2019.Tests.ReconfigurationGraphTest" time="0.001"/>
  <testcase name="testGraphContains{String}[220]" classname="MathResearch2019.Tests.ReconfigurationGraphTest" time="0"/>
  <testcase name="testGraphContains{String}[221]" classname="MathResearch2019.Tests.ReconfigurationGraphTest" time="0"/>
  <testcase name="testGraphContains{String}[222]" classname="MathResearch2019.Tests.ReconfigurationGraphTest" time="0"/>
  <testcase name="testGraphContains{String}[223]" classname="MathResearch2019.Tests.ReconfigurationGraphTest" time="0"/>
  <testcase name="testGraphContains{String}[224]" classname="MathResearch2019.Tests.ReconfigurationGraphTest" time="0.001"/>
  <testcase name="testGraphContains{String}[225]" classname="MathResearch2019.Tests.ReconfigurationGraphTest" time="0"/>
  <testcase name="testGraphContains{String}[226]" classname="MathResearch2019.Tests.ReconfigurationGraphTest" time="0"/>
  <testcase name="testGraphContains{String}[227]" classname="MathResearch2019.Tests.ReconfigurationGraphTest" time="0"/>
  <testcase name="testGraphContains{String}[228]" classname="MathResearch2019.Tests.ReconfigurationGraphTest" time="0"/>
  <testcase name="testGraphContains{String}[229]" classname="MathResearch2019.Tests.ReconfigurationGraphTest" time="0"/>
  <testcase name="testGraphContains{String}[230]" classname="MathResearch2019.Tests.ReconfigurationGraphTest" time="0"/>
  <testcase name="testGraphContains{String}[231]" classname="MathResearch2019.Tests.ReconfigurationGraphTest" time="0"/>
  <testcase name="testGraphContains{String}[232]" classname="MathResearch2019.Tests.ReconfigurationGraphTest" time="0.001"/>
  <testcase name="testGraphContains{String}[233]" classname="MathResearch2019.Tests.ReconfigurationGraphTest" time="0"/>
  <testcase name="testGraphContains{String}[234]" classname="MathResearch2019.Tests.ReconfigurationGraphTest" time="0"/>
  <testcase name="testGraphContains{String}[235]" classname="MathResearch2019.Tests.ReconfigurationGraphTest" time="0"/>
  <testcase name="testGraphContains{String}[236]" classname="MathResearch2019.Tests.ReconfigurationGraphTest" time="0"/>
  <testcase name="testGraphContains{String}[237]" classname="MathResearch2019.Tests.ReconfigurationGraphTest" time="0.001"/>
  <testcase name="testGraphContains{String}[238]" classname="MathResearch2019.Tests.ReconfigurationGraphTest" time="0"/>
  <testcase name="testGraphContains{String}[239]" classname="MathResearch2019.Tests.ReconfigurationGraphTest" time="0"/>
  <testcase name="testGraphContains{String}[240]" classname="MathResearch2019.Tests.ReconfigurationGraphTest" time="0"/>
  <testcase name="testGraphContains{String}[241]" classname="MathResearch2019.Tests.ReconfigurationGraphTest" time="0.001"/>
  <testcase name="testGraphContains{String}[242]" classname="MathResearch2019.Tests.ReconfigurationGraphTest" time="0"/>
  <testcase name="testGraphContains{String}[243]" classname="MathResearch2019.Tests.ReconfigurationGraphTest" time="0"/>
  <testcase name="testGraphContains{String}[244]" classname="MathResearch2019.Tests.ReconfigurationGraphTest" time="0"/>
  <testcase name="testGraphContains{String}[245]" classname="MathResearch2019.Tests.ReconfigurationGraphTest" time="0"/>
  <testcase name="testGraphContains{String}[246]" classname="MathResearch2019.Tests.ReconfigurationGraphTest" time="0.001"/>
  <testcase name="testGraphContains{String}[247]" classname="MathResearch2019.Tests.ReconfigurationGraphTest" time="0"/>
  <testcase name="testGraphContains{String}[248]" classname="MathResearch2019.Tests.ReconfigurationGraphTest" time="0"/>
  <testcase name="testGraphContains{String}[249]" classname="MathResearch2019.Tests.ReconfigurationGraphTest" time="0"/>
  <testcase name="testGraphContains{String}[250]" classname="MathResearch2019.Tests.ReconfigurationGraphTest" time="0.001"/>
  <testcase name="testGraphContains{String}[251]" classname="MathResearch2019.Tests.ReconfigurationGraphTest" time="0"/>
  <testcase name="testGraphContains{String}[252]" classname="MathResearch2019.Tests.ReconfigurationGraphTest" time="0.001"/>
  <testcase name="testGraphContains{String}[253]" classname="MathResearch2019.Tests.ReconfigurationGraphTest" time="0"/>
  <testcase name="testGraphContains{String}[254]" classname="MathResearch2019.Tests.ReconfigurationGraphTest" time="0.001"/>
  <testcase name="testGraphContains{String}[255]" classname="MathResearch2019.Tests.ReconfigurationGraphTest" time="0.001"/>
  <testcase name="testGraphContains{String}[256]" classname="MathResearch2019.Tests.ReconfigurationGraphTest" time="0.001"/>
  <testcase name="testGraphContains{String}[257]" classname="MathResearch2019.Tests.ReconfigurationGraphTest" time="0.001"/>
  <testcase name="testGraphContains{String}[258]" classname="MathResearch2019.Tests.ReconfigurationGraphTest" time="0"/>
  <testcase name="testGraphContains{String}[259]" classname="MathResearch2019.Tests.ReconfigurationGraphTest" time="0"/>
  <testcase name="testGraphContains{String}[260]" classname="MathResearch2019.Tests.ReconfigurationGraphTest" time="0"/>
  <testcase name="testGraphContains{String}[261]" classname="MathResearch2019.Tests.ReconfigurationGraphTest" time="0"/>
  <testcase name="testGraphContains{String}[262]" classname="MathResearch2019.Tests.ReconfigurationGraphTest" time="0"/>
  <testcase name="testGraphContains{String}[263]" classname="MathResearch2019.Tests.ReconfigurationGraphTest" time="0"/>
  <testcase name="testGraphContains{String}[264]" classname="MathResearch2019.Tests.ReconfigurationGraphTest" time="0.001"/>
  <testcase name="testGraphContains{String}[265]" classname="MathResearch2019.Tests.ReconfigurationGraphTest" time="0"/>
  <testcase name="testGraphContains{String}[266]" classname="MathResearch2019.Tests.ReconfigurationGraphTest" time="0"/>
  <testcase name="testGraphContains{String}[267]" classname="MathResearch2019.Tests.ReconfigurationGraphTest" time="0"/>
  <testcase name="testGraphContains{String}[268]" classname="MathResearch2019.Tests.ReconfigurationGraphTest" time="0.001"/>
  <testcase name="testGraphContains{String}[269]" classname="MathResearch2019.Tests.ReconfigurationGraphTest" time="0"/>
  <testcase name="testGraphContains{String}[270]" classname="MathResearch2019.Tests.ReconfigurationGraphTest" time="0"/>
  <testcase name="testGraphContains{String}[271]" classname="MathResearch2019.Tests.ReconfigurationGraphTest" time="0"/>
  <testcase name="testGraphContains{String}[272]" classname="MathResearch2019.Tests.ReconfigurationGraphTest" time="0.001"/>
  <testcase name="testGraphContains{String}[273]" classname="MathResearch2019.Tests.ReconfigurationGraphTest" time="0"/>
  <testcase name="testGraphContains{String}[274]" classname="MathResearch2019.Tests.ReconfigurationGraphTest" time="0"/>
  <testcase name="testGraphContains{String}[275]" classname="MathResearch2019.Tests.ReconfigurationGraphTest" time="0.001"/>
  <testcase name="testGraphContains{String}[276]" classname="MathResearch2019.Tests.ReconfigurationGraphTest" time="0"/>
  <testcase name="testGraphContains{String}[277]" classname="MathResearch2019.Tests.ReconfigurationGraphTest" time="0"/>
  <testcase name="testGraphContains{String}[278]" classname="MathResearch2019.Tests.ReconfigurationGraphTest" time="0.001"/>
  <testcase name="testGraphContains{String}[279]" classname="MathResearch2019.Tests.ReconfigurationGraphTest" time="0"/>
  <testcase name="testGraphContains{String}[280]" classname="MathResearch2019.Tests.ReconfigurationGraphTest" time="0"/>
  <testcase name="testGraphContains{String}[281]" classname="MathResearch2019.Tests.ReconfigurationGraphTest" time="0.001"/>
  <testcase name="testGraphContains{String}[282]" classname="MathResearch2019.Tests.ReconfigurationGraphTest" time="0.001"/>
  <testcase name="testGraphContains{String}[283]" classname="MathResearch2019.Tests.ReconfigurationGraphTest" time="0"/>
  <testcase name="testGraphContains{String}[284]" classname="MathResearch2019.Tests.ReconfigurationGraphTest" time="0"/>
  <testcase name="testGraphContains{String}[285]" classname="MathResearch2019.Tests.ReconfigurationGraphTest" time="0.001"/>
  <testcase name="testGraphContains{String}[286]" classname="MathResearch2019.Tests.ReconfigurationGraphTest" time="0.001"/>
  <testcase name="testGraphContains{String}[287]" classname="MathResearch2019.Tests.ReconfigurationGraphTest" time="0.001"/>
  <testcase name="testGraphContains{String}[288]" classname="MathResearch2019.Tests.ReconfigurationGraphTest" time="0"/>
  <testcase name="testGraphContains{String}[289]" classname="MathResearch2019.Tests.ReconfigurationGraphTest" time="0.001"/>
  <testcase name="testGraphContains{String}[290]" classname="MathResearch2019.Tests.ReconfigurationGraphTest" time="0"/>
  <testcase name="testGraphContains{String}[291]" classname="MathResearch2019.Tests.ReconfigurationGraphTest" time="0.001"/>
  <testcase name="testGraphContains{String}[292]" classname="MathResearch2019.Tests.ReconfigurationGraphTest" time="0"/>
  <testcase name="testGraphContains{String}[293]" classname="MathResearch2019.Tests.ReconfigurationGraphTest" time="0"/>
  <testcase name="testGraphContains{String}[294]" classname="MathResearch2019.Tests.ReconfigurationGraphTest" time="0"/>
  <testcase name="testGraphContains{String}[295]" classname="MathResearch2019.Tests.ReconfigurationGraphTest" time="0"/>
  <testcase name="testGraphContains{String}[296]" classname="MathResearch2019.Tests.ReconfigurationGraphTest" time="0.001"/>
  <testcase name="testGraphContains{String}[297]" classname="MathResearch2019.Tests.ReconfigurationGraphTest" time="0"/>
  <testcase name="testGraphContains{String}[298]" classname="MathResearch2019.Tests.ReconfigurationGraphTest" time="0"/>
  <testcase name="testGraphContains{String}[299]" classname="MathResearch2019.Tests.ReconfigurationGraphTest" time="0"/>
  <testcase name="testGraphContains{String}[300]" classname="MathResearch2019.Tests.ReconfigurationGraphTest" time="0"/>
  <testcase name="testGraphContains{String}[301]" classname="MathResearch2019.Tests.ReconfigurationGraphTest" time="0"/>
  <testcase name="testGraphContains{String}[302]" classname="MathResearch2019.Tests.ReconfigurationGraphTest" time="0.001"/>
  <testcase name="testGraphContains{String}[303]" classname="MathResearch2019.Tests.ReconfigurationGraphTest" time="0"/>
  <testcase name="testGraphContains{String}[304]" classname="MathResearch2019.Tests.ReconfigurationGraphTest" time="0"/>
  <testcase name="testGraphContains{String}[305]" classname="MathResearch2019.Tests.ReconfigurationGraphTest" time="0.001"/>
  <testcase name="testGraphContains{String}[306]" classname="MathResearch2019.Tests.ReconfigurationGraphTest" time="0"/>
  <testcase name="testGraphContains{String}[307]" classname="MathResearch2019.Tests.ReconfigurationGraphTest" time="0"/>
  <testcase name="testGraphContains{String}[308]" classname="MathResearch2019.Tests.ReconfigurationGraphTest" time="0"/>
  <testcase name="testGraphContains{String}[309]" classname="MathResearch2019.Tests.ReconfigurationGraphTest" time="0"/>
  <testcase name="testGraphContains{String}[310]" classname="MathResearch2019.Tests.ReconfigurationGraphTest" time="0"/>
  <testcase name="testGraphContains{String}[311]" classname="MathResearch2019.Tests.ReconfigurationGraphTest" time="0"/>
  <testcase name="testGraphContains{String}[312]" classname="MathResearch2019.Tests.ReconfigurationGraphTest" time="0"/>
  <testcase name="testGraphContains{String}[313]" classname="MathResearch2019.Tests.ReconfigurationGraphTest" time="0"/>
  <testcase name="testGraphContains{String}[314]" classname="MathResearch2019.Tests.ReconfigurationGraphTest" time="0"/>
  <testcase name="testGraphContains{String}[315]" classname="MathResearch2019.Tests.ReconfigurationGraphTest" time="0"/>
  <testcase name="testGraphContains{String}[316]" classname="MathResearch2019.Tests.ReconfigurationGraphTest" time="0.001"/>
  <testcase name="testGraphContains{String}[317]" classname="MathResearch2019.Tests.ReconfigurationGraphTest" time="0"/>
  <testcase name="testGraphContains{String}[318]" classname="MathResearch2019.Tests.ReconfigurationGraphTest" time="0"/>
  <testcase name="testGraphContains{String}[319]" classname="MathResearch2019.Tests.ReconfigurationGraphTest" time="0.001"/>
  <testcase name="testGraphContains{String}[320]" classname="MathResearch2019.Tests.ReconfigurationGraphTest" time="0"/>
  <testcase name="testGraphContains{String}[321]" classname="MathResearch2019.Tests.ReconfigurationGraphTest" time="0"/>
  <testcase name="testGraphContains{String}[322]" classname="MathResearch2019.Tests.ReconfigurationGraphTest" time="0"/>
  <testcase name="testGraphContains{String}[323]" classname="MathResearch2019.Tests.ReconfigurationGraphTest" time="0"/>
  <testcase name="testGraphContains{String}[324]" classname="MathResearch2019.Tests.ReconfigurationGraphTest" time="0"/>
  <testcase name="testGraphContains{String}[325]" classname="MathResearch2019.Tests.ReconfigurationGraphTest" time="0"/>
  <testcase name="testGraphContains{String}[326]" classname="MathResearch2019.Tests.ReconfigurationGraphTest" time="0"/>
  <testcase name="testGraphContains{String}[327]" classname="MathResearch2019.Tests.ReconfigurationGraphTest" time="0"/>
  <testcase name="testGraphContains{String}[328]" classname="MathResearch2019.Tests.ReconfigurationGraphTest" time="0"/>
  <testcase name="testGraphContains{String}[329]" classname="MathResearch2019.Tests.ReconfigurationGraphTest" time="0"/>
  <testcase name="testGraphContains{String}[330]" classname="MathResearch2019.Tests.ReconfigurationGraphTest" time="0"/>
  <testcase name="testGraphContains{String}[331]" classname="MathResearch2019.Tests.ReconfigurationGraphTest" time="0.001"/>
  <testcase name="testGraphContains{String}[332]" classname="MathResearch2019.Tests.ReconfigurationGraphTest" time="0.001"/>
  <testcase name="testGraphContains{String}[333]" classname="MathResearch2019.Tests.ReconfigurationGraphTest" time="0"/>
  <testcase name="testGraphContains{String}[334]" classname="MathResearch2019.Tests.ReconfigurationGraphTest" time="0"/>
  <testcase name="testGraphContains{String}[335]" classname="MathResearch2019.Tests.ReconfigurationGraphTest" time="0.001"/>
  <testcase name="testGraphContains{String}[336]" classname="MathResearch2019.Tests.ReconfigurationGraphTest" time="0"/>
  <testcase name="testGraphContains{String}[337]" classname="MathResearch2019.Tests.ReconfigurationGraphTest" time="0"/>
  <testcase name="testGraphContains{String}[338]" classname="MathResearch2019.Tests.ReconfigurationGraphTest" time="0"/>
  <testcase name="testGraphContains{String}[339]" classname="MathResearch2019.Tests.ReconfigurationGraphTest" time="0.001"/>
  <testcase name="testGraphContains{String}[340]" classname="MathResearch2019.Tests.ReconfigurationGraphTest" time="0"/>
  <testcase name="testGraphContains{String}[341]" classname="MathResearch2019.Tests.ReconfigurationGraphTest" time="0"/>
  <testcase name="testGraphContains{String}[342]" classname="MathResearch2019.Tests.ReconfigurationGraphTest" time="0"/>
  <testcase name="testGraphContains{String}[343]" classname="MathResearch2019.Tests.ReconfigurationGraphTest" time="0"/>
  <testcase name="testGraphContains{String}[344]" classname="MathResearch2019.Tests.ReconfigurationGraphTest" time="0"/>
  <testcase name="testGraphContains{String}[345]" classname="MathResearch2019.Tests.ReconfigurationGraphTest" time="0.001"/>
  <testcase name="testGraphContains{String}[346]" classname="MathResearch2019.Tests.ReconfigurationGraphTest" time="0"/>
  <testcase name="testGraphContains{String}[347]" classname="MathResearch2019.Tests.ReconfigurationGraphTest" time="0"/>
  <testcase name="testGraphContains{String}[348]" classname="MathResearch2019.Tests.ReconfigurationGraphTest" time="0"/>
  <testcase name="testGraphContains{String}[349]" classname="MathResearch2019.Tests.ReconfigurationGraphTest" time="0"/>
  <testcase name="testGraphContains{String}[350]" classname="MathResearch2019.Tests.ReconfigurationGraphTest" time="0"/>
  <testcase name="testGraphContains{String}[351]" classname="MathResearch2019.Tests.ReconfigurationGraphTest" time="0"/>
  <testcase name="testGraphContains{String}[352]" classname="MathResearch2019.Tests.ReconfigurationGraphTest" time="0"/>
  <testcase name="testGraphContains{String}[353]" classname="MathResearch2019.Tests.ReconfigurationGraphTest" time="0"/>
  <testcase name="testGraphContains{String}[354]" classname="MathResearch2019.Tests.ReconfigurationGraphTest" time="0"/>
  <testcase name="testGraphContains{String}[355]" classname="MathResearch2019.Tests.ReconfigurationGraphTest" time="0"/>
  <testcase name="testGraphContains{String}[356]" classname="MathResearch2019.Tests.ReconfigurationGraphTest" time="0"/>
  <testcase name="testGraphContains{String}[357]" classname="MathResearch2019.Tests.ReconfigurationGraphTest" time="0.001"/>
  <testcase name="testGraphContains{String}[358]" classname="MathResearch2019.Tests.ReconfigurationGraphTest" time="0.001"/>
  <testcase name="testGraphContains{String}[359]" classname="MathResearch2019.Tests.ReconfigurationGraphTest" time="0"/>
  <testcase name="testGraphContains{String}[360]" classname="MathResearch2019.Tests.ReconfigurationGraphTest" time="0"/>
  <testcase name="testGraphContains{String}[361]" classname="MathResearch2019.Tests.ReconfigurationGraphTest" time="0.001"/>
  <testcase name="testGraphContains{String}[362]" classname="MathResearch2019.Tests.ReconfigurationGraphTest" time="0.001"/>
  <testcase name="testGraphContains{String}[363]" classname="MathResearch2019.Tests.ReconfigurationGraphTest" time="0"/>
  <testcase name="testGraphContains{String}[364]" classname="MathResearch2019.Tests.ReconfigurationGraphTest" time="0"/>
  <testcase name="testGraphContains{String}[365]" classname="MathResearch2019.Tests.ReconfigurationGraphTest" time="0"/>
  <testcase name="testGraphContains{String}[366]" classname="MathResearch2019.Tests.ReconfigurationGraphTest" time="0"/>
  <testcase name="testGraphContains{String}[367]" classname="MathResearch2019.Tests.ReconfigurationGraphTest" time="0"/>
  <testcase name="testGraphContains{String}[368]" classname="MathResearch2019.Tests.ReconfigurationGraphTest" time="0"/>
  <testcase name="testGraphContains{String}[369]" classname="MathResearch2019.Tests.ReconfigurationGraphTest" time="0"/>
  <testcase name="testGraphContains{String}[370]" classname="MathResearch2019.Tests.ReconfigurationGraphTest" time="0"/>
  <testcase name="testGraphContains{String}[371]" classname="MathResearch2019.Tests.ReconfigurationGraphTest" time="0"/>
  <testcase name="testGraphContains{String}[372]" classname="MathResearch2019.Tests.ReconfigurationGraphTest" time="0.001"/>
  <testcase name="testGraphContains{String}[373]" classname="MathResearch2019.Tests.ReconfigurationGraphTest" time="0.001"/>
  <testcase name="testGraphContains{String}[374]" classname="MathResearch2019.Tests.ReconfigurationGraphTest" time="0"/>
  <testcase name="testGraphContains{String}[375]" classname="MathResearch2019.Tests.ReconfigurationGraphTest" time="0"/>
  <testcase name="testGraphContains{String}[376]" classname="MathResearch2019.Tests.ReconfigurationGraphTest" time="0"/>
  <testcase name="testGraphContains{String}[377]" classname="MathResearch2019.Tests.ReconfigurationGraphTest" time="0"/>
  <testcase name="testGraphContains{String}[378]" classname="MathResearch2019.Tests.ReconfigurationGraphTest" time="0"/>
  <testcase name="testGraphContains{String}[379]" classname="MathResearch2019.Tests.ReconfigurationGraphTest" time="0"/>
  <testcase name="testGraphContains{String}[380]" classname="MathResearch2019.Tests.ReconfigurationGraphTest" time="0.001"/>
  <testcase name="testGraphContains{String}[381]" classname="MathResearch2019.Tests.ReconfigurationGraphTest" time="0.001"/>
  <testcase name="testGraphContains{String}[382]" classname="MathResearch2019.Tests.ReconfigurationGraphTest" time="0"/>
  <testcase name="testGraphContains{String}[383]" classname="MathResearch2019.Tests.ReconfigurationGraphTest" time="0"/>
  <testcase name="testGraphContains{String}[384]" classname="MathResearch2019.Tests.ReconfigurationGraphTest" time="0"/>
  <testcase name="testGraphContains{String}[385]" classname="MathResearch2019.Tests.ReconfigurationGraphTest" time="0"/>
  <testcase name="testGraphContains{String}[386]" classname="MathResearch2019.Tests.ReconfigurationGraphTest" time="0"/>
  <testcase name="testGraphContains{String}[387]" classname="MathResearch2019.Tests.ReconfigurationGraphTest" time="0"/>
  <testcase name="testGraphContains{String}[388]" classname="MathResearch2019.Tests.ReconfigurationGraphTest" time="0"/>
  <testcase name="testGraphContains{String}[389]" classname="MathResearch2019.Tests.ReconfigurationGraphTest" time="0"/>
  <testcase name="testGraphContains{String}[390]" classname="MathResearch2019.Tests.ReconfigurationGraphTest" time="0"/>
  <testcase name="testGraphContains{String}[391]" classname="MathResearch2019.Tests.ReconfigurationGraphTest" time="0"/>
  <testcase name="testGraphContains{String}[392]" classname="MathResearch2019.Tests.ReconfigurationGraphTest" time="0"/>
  <testcase name="testGraphContains{String}[393]" classname="MathResearch2019.Tests.ReconfigurationGraphTest" time="0"/>
  <testcase name="testGraphContains{String}[394]" classname="MathResearch2019.Tests.ReconfigurationGraphTest" time="0.001"/>
  <testcase name="testGraphContains{String}[395]" classname="MathResearch2019.Tests.ReconfigurationGraphTest" time="0"/>
  <testcase name="testGraphContains{String}[396]" classname="MathResearch2019.Tests.ReconfigurationGraphTest" time="0"/>
  <testcase name="testGraphContains{String}[397]" classname="MathResearch2019.Tests.ReconfigurationGraphTest" time="0.001"/>
  <testcase name="testGraphContains{String}[398]" classname="MathResearch2019.Tests.ReconfigurationGraphTest" time="0.001"/>
  <testcase name="testGraphContains{String}[399]" classname="MathResearch2019.Tests.ReconfigurationGraphTest" time="0.001"/>
  <testcase name="testGraphContains{String}[400]" classname="MathResearch2019.Tests.ReconfigurationGraphTest" time="0"/>
  <testcase name="testGraphContains{String}[401]" classname="MathResearch2019.Tests.ReconfigurationGraphTest" time="0"/>
  <testcase name="testGraphContains{String}[402]" classname="MathResearch2019.Tests.ReconfigurationGraphTest" time="0"/>
  <testcase name="testGraphContains{String}[403]" classname="MathResearch2019.Tests.ReconfigurationGraphTest" time="0"/>
  <testcase name="testGraphContains{String}[404]" classname="MathResearch2019.Tests.ReconfigurationGraphTest" time="0"/>
  <testcase name="testGraphContains{String}[405]" classname="MathResearch2019.Tests.ReconfigurationGraphTest" time="0"/>
  <testcase name="testGraphContains{String}[406]" classname="MathResearch2019.Tests.ReconfigurationGraphTest" time="0"/>
  <testcase name="testGraphContains{String}[407]" classname="MathResearch2019.Tests.ReconfigurationGraphTest" time="0.001"/>
  <testcase name="testGraphContains{String}[408]" classname="MathResearch2019.Tests.ReconfigurationGraphTest" time="0"/>
  <testcase name="testGraphContains{String}[409]" classname="MathResearch2019.Tests.ReconfigurationGraphTest" time="0"/>
  <testcase name="testGraphContains{String}[410]" classname="MathResearch2019.Tests.ReconfigurationGraphTest" time="0.001"/>
  <testcase name="testGraphContains{String}[411]" classname="MathResearch2019.Tests.ReconfigurationGraphTest" time="0"/>
  <testcase name="testGraphContains{String}[412]" classname="MathResearch2019.Tests.ReconfigurationGraphTest" time="0"/>
  <testcase name="testGraphContains{String}[413]" classname="MathResearch2019.Tests.ReconfigurationGraphTest" time="0"/>
  <testcase name="testGraphContains{String}[414]" classname="MathResearch2019.Tests.ReconfigurationGraphTest" time="0"/>
  <testcase name="testGraphContains{String}[415]" classname="MathResearch2019.Tests.ReconfigurationGraphTest" time="0"/>
  <testcase name="testGraphContains{String}[416]" classname="MathResearch2019.Tests.ReconfigurationGraphTest" time="0"/>
  <testcase name="testGraphContains{String}[417]" classname="MathResearch2019.Tests.ReconfigurationGraphTest" time="0.001"/>
  <testcase name="testGraphContains{String}[418]" classname="MathResearch2019.Tests.ReconfigurationGraphTest" time="0.001"/>
  <testcase name="testGraphContains{String}[419]" classname="MathResearch2019.Tests.ReconfigurationGraphTest" time="0.001"/>
  <testcase name="testGraphContains{String}[420]" classname="MathResearch2019.Tests.ReconfigurationGraphTest" time="0"/>
  <testcase name="testGraphContains{String}[421]" classname="MathResearch2019.Tests.ReconfigurationGraphTest" time="0"/>
  <testcase name="testGraphContains{String}[422]" classname="MathResearch2019.Tests.ReconfigurationGraphTest" time="0"/>
  <testcase name="testGraphContains{String}[423]" classname="MathResearch2019.Tests.ReconfigurationGraphTest" time="0"/>
  <testcase name="testGraphContains{String}[424]" classname="MathResearch2019.Tests.ReconfigurationGraphTest" time="0"/>
  <testcase name="testGraphContains{String}[425]" classname="MathResearch2019.Tests.ReconfigurationGraphTest" time="0.001"/>
  <testcase name="testGraphContains{String}[426]" classname="MathResearch2019.Tests.ReconfigurationGraphTest" time="0"/>
  <testcase name="testGraphContains{String}[427]" classname="MathResearch2019.Tests.ReconfigurationGraphTest" time="0"/>
  <testcase name="testGraphContains{String}[428]" classname="MathResearch2019.Tests.ReconfigurationGraphTest" time="0"/>
  <testcase name="testGraphContains{String}[429]" classname="MathResearch2019.Tests.ReconfigurationGraphTest" time="0"/>
  <testcase name="testGraphContains{String}[430]" classname="MathResearch2019.Tests.ReconfigurationGraphTest" time="0.001"/>
  <testcase name="testGraphContains{String}[431]" classname="MathResearch2019.Tests.ReconfigurationGraphTest" time="0.001"/>
  <testcase name="testGraphContains{String}[432]" classname="MathResearch2019.Tests.ReconfigurationGraphTest" time="0"/>
  <testcase name="testGraphContains{String}[433]" classname="MathResearch2019.Tests.ReconfigurationGraphTest" time="0"/>
  <testcase name="testGraphContains{String}[434]" classname="MathResearch2019.Tests.ReconfigurationGraphTest" time="0"/>
  <testcase name="testGraphContains{String}[435]" classname="MathResearch2019.Tests.ReconfigurationGraphTest" time="0.001"/>
  <testcase name="testGraphContains{String}[436]" classname="MathResearch2019.Tests.ReconfigurationGraphTest" time="0"/>
  <testcase name="testGraphContains{String}[437]" classname="MathResearch2019.Tests.ReconfigurationGraphTest" time="0"/>
  <testcase name="testGraphContains{String}[438]" classname="MathResearch2019.Tests.ReconfigurationGraphTest" time="0"/>
  <testcase name="testGraphContains{String}[439]" classname="MathResearch2019.Tests.ReconfigurationGraphTest" time="0"/>
  <testcase name="testGraphContains{String}[440]" classname="MathResearch2019.Tests.ReconfigurationGraphTest" time="0"/>
  <testcase name="testGraphContains{String}[441]" classname="MathResearch2019.Tests.ReconfigurationGraphTest" time="0.001"/>
  <testcase name="testGraphContains{String}[442]" classname="MathResearch2019.Tests.ReconfigurationGraphTest" time="0.001"/>
  <testcase name="testGraphContains{String}[443]" classname="MathResearch2019.Tests.ReconfigurationGraphTest" time="0.001"/>
  <testcase name="testGraphContains{String}[444]" classname="MathResearch2019.Tests.ReconfigurationGraphTest" time="0"/>
  <testcase name="testGraphContains{String}[445]" classname="MathResearch2019.Tests.ReconfigurationGraphTest" time="0"/>
  <testcase name="testGraphContains{String}[446]" classname="MathResearch2019.Tests.ReconfigurationGraphTest" time="0"/>
  <testcase name="testGraphContains{String}[447]" classname="MathResearch2019.Tests.ReconfigurationGraphTest" time="0"/>
  <testcase name="testGraphContains{String}[448]" classname="MathResearch2019.Tests.ReconfigurationGraphTest" time="0"/>
  <testcase name="testGraphContains{String}[449]" classname="MathResearch2019.Tests.ReconfigurationGraphTest" time="0"/>
  <testcase name="testGraphContains{String}[450]" classname="MathResearch2019.Tests.ReconfigurationGraphTest" time="0"/>
  <testcase name="testGraphContains{String}[451]" classname="MathResearch2019.Tests.ReconfigurationGraphTest" time="0"/>
  <testcase name="testGraphContains{String}[452]" classname="MathResearch2019.Tests.ReconfigurationGraphTest" time="0"/>
  <testcase name="testGraphContains{String}[453]" classname="MathResearch2019.Tests.ReconfigurationGraphTest" time="0"/>
  <testcase name="testGraphContains{String}[454]" classname="MathResearch2019.Tests.ReconfigurationGraphTest" time="0"/>
  <testcase name="testGraphContains{String}[455]" classname="MathResearch2019.Tests.ReconfigurationGraphTest" time="0.001"/>
  <testcase name="testGraphContains{String}[456]" classname="MathResearch2019.Tests.ReconfigurationGraphTest" time="0"/>
  <testcase name="testGraphContains{String}[457]" classname="MathResearch2019.Tests.ReconfigurationGraphTest" time="0"/>
  <testcase name="testGraphContains{String}[458]" classname="MathResearch2019.Tests.ReconfigurationGraphTest" time="0"/>
  <testcase name="testGraphContains{String}[459]" classname="MathResearch2019.Tests.ReconfigurationGraphTest" time="0"/>
  <testcase name="testGraphContains{String}[460]" classname="MathResearch2019.Tests.ReconfigurationGraphTest" time="0.001"/>
  <testcase name="testGraphContains{String}[461]" classname="MathResearch2019.Tests.ReconfigurationGraphTest" time="0.001"/>
  <testcase name="testGraphContains{String}[462]" classname="MathResearch2019.Tests.ReconfigurationGraphTest" time="0"/>
  <testcase name="testGraphContains{String}[463]" classname="MathResearch2019.Tests.ReconfigurationGraphTest" time="0"/>
  <testcase name="testGraphContains{String}[464]" classname="MathResearch2019.Tests.ReconfigurationGraphTest" time="0"/>
  <testcase name="testGraphContains{String}[465]" classname="MathResearch2019.Tests.ReconfigurationGraphTest" time="0.001"/>
  <testcase name="testGraphContains{String}[466]" classname="MathResearch2019.Tests.ReconfigurationGraphTest" time="0"/>
  <testcase name="testGraphContains{String}[467]" classname="MathResearch2019.Tests.ReconfigurationGraphTest" time="0"/>
  <testcase name="testGraphContains{String}[468]" classname="MathResearch2019.Tests.ReconfigurationGraphTest" time="0"/>
  <testcase name="testGraphContains{String}[469]" classname="MathResearch2019.Tests.ReconfigurationGraphTest" time="0.001"/>
  <testcase name="testGraphContains{String}[470]" classname="MathResearch2019.Tests.ReconfigurationGraphTest" time="0"/>
  <testcase name="testGraphContains{String}[471]" classname="MathResearch2019.Tests.ReconfigurationGraphTest" time="0"/>
  <testcase name="testGraphContains{String}[472]" classname="MathResearch2019.Tests.ReconfigurationGraphTest" time="0"/>
  <testcase name="testGraphContains{String}[473]" classname="MathResearch2019.Tests.ReconfigurationGraphTest" time="0"/>
  <testcase name="testGraphContains{String}[474]" classname="MathResearch2019.Tests.ReconfigurationGraphTest" time="0.001"/>
  <testcase name="testGraphContains{String}[475]" classname="MathResearch2019.Tests.ReconfigurationGraphTest" time="0"/>
  <testcase name="testGraphContains{String}[476]" classname="MathResearch2019.Tests.ReconfigurationGraphTest" time="0"/>
  <testcase name="testGraphContains{String}[477]" classname="MathResearch2019.Tests.ReconfigurationGraphTest" time="0"/>
  <testcase name="testGraphContains{String}[478]" classname="MathResearch2019.Tests.ReconfigurationGraphTest" time="0"/>
  <testcase name="testGraphContains{String}[479]" classname="MathResearch2019.Tests.ReconfigurationGraphTest" time="0"/>
  <testcase name="testGraphContains{String}[480]" classname="MathResearch2019.Tests.ReconfigurationGraphTest" time="0"/>
  <testcase name="testGraphContains{String}[481]" classname="MathResearch2019.Tests.ReconfigurationGraphTest" time="0"/>
  <testcase name="testGraphContains{String}[482]" classname="MathResearch2019.Tests.ReconfigurationGraphTest" time="0"/>
  <testcase name="testGraphContains{String}[483]" classname="MathResearch2019.Tests.ReconfigurationGraphTest" time="0.001"/>
  <testcase name="testGraphContains{String}[484]" classname="MathResearch2019.Tests.ReconfigurationGraphTest" time="0.001"/>
  <testcase name="testGraphContains{String}[485]" classname="MathResearch2019.Tests.ReconfigurationGraphTest" time="0"/>
  <testcase name="testGraphContains{String}[486]" classname="MathResearch2019.Tests.ReconfigurationGraphTest" time="0"/>
  <testcase name="testGraphContains{String}[487]" classname="MathResearch2019.Tests.ReconfigurationGraphTest" time="0.001"/>
  <testcase name="testGraphContains{String}[488]" classname="MathResearch2019.Tests.ReconfigurationGraphTest" time="0.001"/>
  <testcase name="testGraphContains{String}[489]" classname="MathResearch2019.Tests.ReconfigurationGraphTest" time="0"/>
  <testcase name="testGraphContains{String}[490]" classname="MathResearch2019.Tests.ReconfigurationGraphTest" time="0"/>
  <testcase name="testGraphContains{String}[491]" classname="MathResearch2019.Tests.ReconfigurationGraphTest" time="0"/>
  <testcase name="testGraphContains{String}[492]" classname="MathResearch2019.Tests.ReconfigurationGraphTest" time="0"/>
  <testcase name="testGraphContains{String}[493]" classname="MathResearch2019.Tests.ReconfigurationGraphTest" time="0"/>
  <testcase name="testGraphContains{String}[494]" classname="MathResearch2019.Tests.ReconfigurationGraphTest" time="0.001"/>
  <testcase name="testGraphContains{String}[495]" classname="MathResearch2019.Tests.ReconfigurationGraphTest" time="0"/>
  <testcase name="testGraphContains{String}[496]" classname="MathResearch2019.Tests.ReconfigurationGraphTest" time="0"/>
  <testcase name="testGraphContains{String}[497]" classname="MathResearch2019.Tests.ReconfigurationGraphTest" time="0"/>
  <testcase name="testGraphContains{String}[498]" classname="MathResearch2019.Tests.ReconfigurationGraphTest" time="0.001"/>
  <testcase name="testGraphContains{String}[499]" classname="MathResearch2019.Tests.ReconfigurationGraphTest" time="0"/>
  <testcase name="testGraphContains{String}[500]" classname="MathResearch2019.Tests.ReconfigurationGraphTest" time="0.001"/>
  <testcase name="testGraphContains{String}[501]" classname="MathResearch2019.Tests.ReconfigurationGraphTest" time="0"/>
  <testcase name="testGraphContains{String}[502]" classname="MathResearch2019.Tests.ReconfigurationGraphTest" time="0"/>
  <testcase name="testGraphContains{String}[503]" classname="MathResearch2019.Tests.ReconfigurationGraphTest" time="0.001"/>
  <testcase name="testGraphContains{String}[504]" classname="MathResearch2019.Tests.ReconfigurationGraphTest" time="0"/>
  <testcase name="testGraphContains{String}[505]" classname="MathResearch2019.Tests.ReconfigurationGraphTest" time="0"/>
  <testcase name="testGraphContains{String}[506]" classname="MathResearch2019.Tests.ReconfigurationGraphTest" time="0"/>
  <testcase name="testGraphContains{String}[507]" classname="MathResearch2019.Tests.ReconfigurationGraphTest" time="0"/>
  <testcase name="testGraphContains{String}[508]" classname="MathResearch2019.Tests.ReconfigurationGraphTest" time="0"/>
  <testcase name="testGraphContains{String}[509]" classname="MathResearch2019.Tests.ReconfigurationGraphTest" time="0"/>
  <testcase name="testGraphContains{String}[510]" classname="MathResearch2019.Tests.ReconfigurationGraphTest" time="0.001"/>
  <testcase name="testGraphContains{String}[511]" classname="MathResearch2019.Tests.ReconfigurationGraphTest" time="0.001"/>
  <testcase name="testGraphContains{String}[512]" classname="MathResearch2019.Tests.ReconfigurationGraphTest" time="0"/>
  <testcase name="testGraphContains{String}[513]" classname="MathResearch2019.Tests.ReconfigurationGraphTest" time="0"/>
  <testcase name="testGraphContains{String}[514]" classname="MathResearch2019.Tests.ReconfigurationGraphTest" time="0.001"/>
  <testcase name="testGraphContains{String}[515]" classname="MathResearch2019.Tests.ReconfigurationGraphTest" time="0"/>
  <testcase name="testGraphContains{String}[516]" classname="MathResearch2019.Tests.ReconfigurationGraphTest" time="0.001"/>
  <testcase name="testGraphContains{String}[517]" classname="MathResearch2019.Tests.ReconfigurationGraphTest" time="0.001"/>
  <testcase name="testGraphContains{String}[518]" classname="MathResearch2019.Tests.ReconfigurationGraphTest" time="0"/>
  <testcase name="testGraphContains{String}[519]" classname="MathResearch2019.Tests.ReconfigurationGraphTest" time="0"/>
  <testcase name="testGraphContains{String}[520]" classname="MathResearch2019.Tests.ReconfigurationGraphTest" time="0"/>
  <testcase name="testGraphContains{String}[521]" classname="MathResearch2019.Tests.ReconfigurationGraphTest" time="0"/>
  <testcase name="testGraphContains{String}[522]" classname="MathResearch2019.Tests.ReconfigurationGraphTest" time="0"/>
  <testcase name="testGraphContains{String}[523]" classname="MathResearch2019.Tests.ReconfigurationGraphTest" time="0"/>
  <testcase name="testGraphContains{String}[524]" classname="MathResearch2019.Tests.ReconfigurationGraphTest" time="0"/>
  <testcase name="testGraphContains{String}[525]" classname="MathResearch2019.Tests.ReconfigurationGraphTest" time="0"/>
  <testcase name="testGraphContains{String}[526]" classname="MathResearch2019.Tests.ReconfigurationGraphTest" time="0"/>
  <testcase name="testGraphContains{String}[527]" classname="MathResearch2019.Tests.ReconfigurationGraphTest" time="0.001"/>
  <testcase name="testGraphContains{String}[528]" classname="MathResearch2019.Tests.ReconfigurationGraphTest" time="0"/>
  <testcase name="testGraphContains{String}[529]" classname="MathResearch2019.Tests.ReconfigurationGraphTest" time="0"/>
  <testcase name="testGraphContains{String}[530]" classname="MathResearch2019.Tests.ReconfigurationGraphTest" time="0"/>
  <testcase name="testGraphContains{String}[531]" classname="MathResearch2019.Tests.ReconfigurationGraphTest" time="0"/>
  <testcase name="testGraphContains{String}[532]" classname="MathResearch2019.Tests.ReconfigurationGraphTest" time="0"/>
  <testcase name="testGraphContains{String}[533]" classname="MathResearch2019.Tests.ReconfigurationGraphTest" time="0"/>
  <testcase name="testGraphContains{String}[534]" classname="MathResearch2019.Tests.ReconfigurationGraphTest" time="0.001"/>
  <testcase name="testGraphContains{String}[535]" classname="MathResearch2019.Tests.ReconfigurationGraphTest" time="0"/>
  <testcase name="testGraphContains{String}[536]" classname="MathResearch2019.Tests.ReconfigurationGraphTest" time="0"/>
  <testcase name="testGraphContains{String}[537]" classname="MathResearch2019.Tests.ReconfigurationGraphTest" time="0"/>
  <testcase name="testGraphContains{String}[538]" classname="MathResearch2019.Tests.ReconfigurationGraphTest" time="0"/>
  <testcase name="testGraphContains{String}[539]" classname="MathResearch2019.Tests.ReconfigurationGraphTest" time="0"/>
  <testcase name="testGraphContains{String}[540]" classname="MathResearch2019.Tests.ReconfigurationGraphTest" time="0"/>
  <testcase name="testGraphContains{String}[541]" classname="MathResearch2019.Tests.ReconfigurationGraphTest" time="0"/>
  <testcase name="testGraphContains{String}[542]" classname="MathResearch2019.Tests.ReconfigurationGraphTest" time="0"/>
  <testcase name="testGraphContains{String}[543]" classname="MathResearch2019.Tests.ReconfigurationGraphTest" time="0"/>
  <testcase name="testGraphContains{String}[544]" classname="MathResearch2019.Tests.ReconfigurationGraphTest" time="0"/>
  <testcase name="testGraphContains{String}[545]" classname="MathResearch2019.Tests.ReconfigurationGraphTest" time="0"/>
  <testcase name="testGraphContains{String}[546]" classname="MathResearch2019.Tests.ReconfigurationGraphTest" time="0"/>
  <testcase name="testGraphContains{String}[547]" classname="MathResearch2019.Tests.ReconfigurationGraphTest" time="0"/>
  <testcase name="testGraphContains{String}[548]" classname="MathResearch2019.Tests.ReconfigurationGraphTest" time="0"/>
  <testcase name="testGraphContains{String}[549]" classname="MathResearch2019.Tests.ReconfigurationGraphTest" time="0"/>
  <testcase name="testGraphContains{String}[550]" classname="MathResearch2019.Tests.ReconfigurationGraphTest" time="0"/>
  <testcase name="testGraphContains{String}[551]" classname="MathResearch2019.Tests.ReconfigurationGraphTest" time="0"/>
  <testcase name="testGraphContains{String}[552]" classname="MathResearch2019.Tests.ReconfigurationGraphTest" time="0"/>
  <testcase name="testGraphContains{String}[553]" classname="MathResearch2019.Tests.ReconfigurationGraphTest" time="0"/>
  <testcase name="testGraphContains{String}[554]" classname="MathResearch2019.Tests.ReconfigurationGraphTest" time="0.001"/>
  <testcase name="testGraphContains{String}[555]" classname="MathResearch2019.Tests.ReconfigurationGraphTest" time="0.001"/>
  <testcase name="testGraphContains{String}[556]" classname="MathResearch2019.Tests.ReconfigurationGraphTest" time="0"/>
  <testcase name="testGraphContains{String}[557]" classname="MathResearch2019.Tests.ReconfigurationGraphTest" time="0"/>
  <testcase name="testGraphContains{String}[558]" classname="MathResearch2019.Tests.ReconfigurationGraphTest" time="0"/>
  <testcase name="testGraphContains{String}[559]" classname="MathResearch2019.Tests.ReconfigurationGraphTest" time="0"/>
  <testcase name="testGraphContains{String}[560]" classname="MathResearch2019.Tests.ReconfigurationGraphTest" time="0"/>
  <testcase name="testGraphContains{String}[561]" classname="MathResearch2019.Tests.ReconfigurationGraphTest" time="0"/>
  <testcase name="testGraphContains{String}[562]" classname="MathResearch2019.Tests.ReconfigurationGraphTest" time="0.001"/>
  <testcase name="testGraphContains{String}[563]" classname="MathResearch2019.Tests.ReconfigurationGraphTest" time="0"/>
  <testcase name="testGraphContains{String}[564]" classname="MathResearch2019.Tests.ReconfigurationGraphTest" time="0"/>
  <testcase name="testGraphContains{String}[565]" classname="MathResearch2019.Tests.ReconfigurationGraphTest" time="0"/>
  <testcase name="testGraphContains{String}[566]" classname="MathResearch2019.Tests.ReconfigurationGraphTest" time="0"/>
  <testcase name="testGraphContains{String}[567]" classname="MathResearch2019.Tests.ReconfigurationGraphTest" time="0"/>
  <testcase name="testGraphContains{String}[568]" classname="MathResearch2019.Tests.ReconfigurationGraphTest" time="0"/>
  <testcase name="testGraphContains{String}[569]" classname="MathResearch2019.Tests.ReconfigurationGraphTest" time="0"/>
  <testcase name="testGraphContains{String}[570]" classname="MathResearch2019.Tests.ReconfigurationGraphTest" time="0"/>
  <testcase name="testGraphContains{String}[571]" classname="MathResearch2019.Tests.ReconfigurationGraphTest" time="0.001"/>
  <testcase name="testGraphContains{String}[572]" classname="MathResearch2019.Tests.ReconfigurationGraphTest" time="0.001"/>
  <testcase name="testGraphContains{String}[573]" classname="MathResearch2019.Tests.ReconfigurationGraphTest" time="0"/>
  <testcase name="testGraphContains{String}[574]" classname="MathResearch2019.Tests.ReconfigurationGraphTest" time="0"/>
  <testcase name="testGraphContains{String}[575]" classname="MathResearch2019.Tests.ReconfigurationGraphTest" time="0"/>
  <testcase name="testGraphContains{String}[576]" classname="MathResearch2019.Tests.ReconfigurationGraphTest" time="0"/>
  <testcase name="testGraphContains{String}[577]" classname="MathResearch2019.Tests.ReconfigurationGraphTest" time="0"/>
  <testcase name="testGraphContains{String}[578]" classname="MathResearch2019.Tests.ReconfigurationGraphTest" time="0"/>
  <testcase name="testGraphContains{String}[579]" classname="MathResearch2019.Tests.ReconfigurationGraphTest" time="0"/>
  <testcase name="testGraphContains{String}[580]" classname="MathResearch2019.Tests.ReconfigurationGraphTest" time="0.001"/>
  <testcase name="testGraphContains{String}[581]" classname="MathResearch2019.Tests.ReconfigurationGraphTest" time="0"/>
  <testcase name="testGraphContains{String}[582]" classname="MathResearch2019.Tests.ReconfigurationGraphTest" time="0"/>
  <testcase name="testGraphContains{String}[583]" classname="MathResearch2019.Tests.ReconfigurationGraphTest" time="0"/>
  <testcase name="testGraphContains{String}[584]" classname="MathResearch2019.Tests.ReconfigurationGraphTest" time="0"/>
  <testcase name="testGraphContains{String}[585]" classname="MathResearch2019.Tests.ReconfigurationGraphTest" time="0"/>
  <testcase name="testGraphContains{String}[586]" classname="MathResearch2019.Tests.ReconfigurationGraphTest" time="0"/>
  <testcase name="testGraphContains{String}[587]" classname="MathResearch2019.Tests.ReconfigurationGraphTest" time="0"/>
  <testcase name="testGraphContains{String}[588]" classname="MathResearch2019.Tests.ReconfigurationGraphTest" time="0"/>
  <testcase name="testGraphContains{String}[589]" classname="MathResearch2019.Tests.ReconfigurationGraphTest" time="0"/>
  <testcase name="testGraphContains{String}[590]" classname="MathResearch2019.Tests.ReconfigurationGraphTest" time="0"/>
  <testcase name="testGraphContains{String}[591]" classname="MathResearch2019.Tests.ReconfigurationGraphTest" time="0"/>
  <testcase name="testGraphContains{String}[592]" classname="MathResearch2019.Tests.ReconfigurationGraphTest" time="0.001"/>
  <testcase name="testGraphContains{String}[593]" classname="MathResearch2019.Tests.ReconfigurationGraphTest" time="0"/>
  <testcase name="testGraphContains{String}[594]" classname="MathResearch2019.Tests.ReconfigurationGraphTest" time="0"/>
  <testcase name="testGraphContains{String}[595]" classname="MathResearch2019.Tests.ReconfigurationGraphTest" time="0.001"/>
  <testcase name="testGraphContains{String}[596]" classname="MathResearch2019.Tests.ReconfigurationGraphTest" time="0.001"/>
  <testcase name="testGraphContains{String}[597]" classname="MathResearch2019.Tests.ReconfigurationGraphTest" time="0"/>
  <testcase name="testGraphContains{String}[598]" classname="MathResearch2019.Tests.ReconfigurationGraphTest" time="0"/>
  <testcase name="testGraphContains{String}[599]" classname="MathResearch2019.Tests.ReconfigurationGraphTest" time="0.001"/>
  <testcase name="testGraphContains{String}[600]" classname="MathResearch2019.Tests.ReconfigurationGraphTest" time="0.001"/>
  <testcase name="testGraphContains{String}[601]" classname="MathResearch2019.Tests.ReconfigurationGraphTest" time="0"/>
  <testcase name="testGraphContains{String}[602]" classname="MathResearch2019.Tests.ReconfigurationGraphTest" time="0.001"/>
  <testcase name="testGraphContains{String}[603]" classname="MathResearch2019.Tests.ReconfigurationGraphTest" time="0"/>
  <testcase name="testGraphContains{String}[604]" classname="MathResearch2019.Tests.ReconfigurationGraphTest" time="0"/>
  <testcase name="testGraphContains{String}[605]" classname="MathResearch2019.Tests.ReconfigurationGraphTest" time="0"/>
  <testcase name="testGraphContains{String}[606]" classname="MathResearch2019.Tests.ReconfigurationGraphTest" time="0.001"/>
  <testcase name="testGraphContains{String}[607]" classname="MathResearch2019.Tests.ReconfigurationGraphTest" time="0"/>
  <testcase name="testGraphContains{String}[608]" classname="MathResearch2019.Tests.ReconfigurationGraphTest" time="0"/>
  <testcase name="testGraphContains{String}[609]" classname="MathResearch2019.Tests.ReconfigurationGraphTest" time="0"/>
  <testcase name="testGraphContains{String}[610]" classname="MathResearch2019.Tests.ReconfigurationGraphTest" time="0.001"/>
  <testcase name="testGraphContains{String}[611]" classname="MathResearch2019.Tests.ReconfigurationGraphTest" time="0"/>
  <testcase name="testGraphContains{String}[612]" classname="MathResearch2019.Tests.ReconfigurationGraphTest" time="0"/>
  <testcase name="testGraphContains{String}[613]" classname="MathResearch2019.Tests.ReconfigurationGraphTest" time="0.001"/>
  <testcase name="testGraphContains{String}[614]" classname="MathResearch2019.Tests.ReconfigurationGraphTest" time="0"/>
  <testcase name="testGraphContains{String}[615]" classname="MathResearch2019.Tests.ReconfigurationGraphTest" time="0.001"/>
  <testcase name="testGraphContains{String}[616]" classname="MathResearch2019.Tests.ReconfigurationGraphTest" time="0"/>
  <testcase name="testGraphContains{String}[617]" classname="MathResearch2019.Tests.ReconfigurationGraphTest" time="0"/>
  <testcase name="testGraphContains{String}[618]" classname="MathResearch2019.Tests.ReconfigurationGraphTest" time="0"/>
  <testcase name="testGraphContains{String}[619]" classname="MathResearch2019.Tests.ReconfigurationGraphTest" time="0.001"/>
  <testcase name="testGraphContains{String}[620]" classname="MathResearch2019.Tests.ReconfigurationGraphTest" time="0.001"/>
  <testcase name="testGraphContains{String}[621]" classname="MathResearch2019.Tests.ReconfigurationGraphTest" time="0"/>
  <testcase name="testGraphContains{String}[622]" classname="MathResearch2019.Tests.ReconfigurationGraphTest" time="0"/>
  <testcase name="testGraphContains{String}[623]" classname="MathResearch2019.Tests.ReconfigurationGraphTest" time="0"/>
  <testcase name="testGraphContains{String}[624]" classname="MathResearch2019.Tests.ReconfigurationGraphTest" time="0.001"/>
  <testcase name="testGraphContains{String}[625]" classname="MathResearch2019.Tests.ReconfigurationGraphTest" time="0"/>
  <testcase name="testGraphContains{String}[626]" classname="MathResearch2019.Tests.ReconfigurationGraphTest" time="0"/>
  <testcase name="testGraphContains{String}[627]" classname="MathResearch2019.Tests.ReconfigurationGraphTest" time="0"/>
  <testcase name="testGraphContains{String}[628]" classname="MathResearch2019.Tests.ReconfigurationGraphTest" time="0"/>
  <testcase name="testGraphContains{String}[629]" classname="MathResearch2019.Tests.ReconfigurationGraphTest" time="0"/>
  <testcase name="testGraphContains{String}[630]" classname="MathResearch2019.Tests.ReconfigurationGraphTest" time="0.001"/>
  <testcase name="testGraphContains{String}[631]" classname="MathResearch2019.Tests.ReconfigurationGraphTest" time="0"/>
  <testcase name="testGraphContains{String}[632]" classname="MathResearch2019.Tests.ReconfigurationGraphTest" time="0"/>
  <testcase name="testGraphContains{String}[633]" classname="MathResearch2019.Tests.ReconfigurationGraphTest" time="0"/>
  <testcase name="testGraphContains{String}[634]" classname="MathResearch2019.Tests.ReconfigurationGraphTest" time="0"/>
  <testcase name="testGraphContains{String}[635]" classname="MathResearch2019.Tests.ReconfigurationGraphTest" time="0"/>
  <testcase name="testGraphContains{String}[636]" classname="MathResearch2019.Tests.ReconfigurationGraphTest" time="0"/>
  <testcase name="testGraphContains{String}[637]" classname="MathResearch2019.Tests.ReconfigurationGraphTest" time="0"/>
  <testcase name="testGraphContains{String}[638]" classname="MathResearch2019.Tests.ReconfigurationGraphTest" time="0.001"/>
  <testcase name="testGraphContains{String}[639]" classname="MathResearch2019.Tests.ReconfigurationGraphTest" time="0"/>
  <testcase name="testGraphContains{String}[640]" classname="MathResearch2019.Tests.ReconfigurationGraphTest" time="0"/>
  <testcase name="testGraphContains{String}[641]" classname="MathResearch2019.Tests.ReconfigurationGraphTest" time="0"/>
  <testcase name="testGraphContains{String}[642]" classname="MathResearch2019.Tests.ReconfigurationGraphTest" time="0"/>
  <testcase name="testGraphContains{String}[643]" classname="MathResearch2019.Tests.ReconfigurationGraphTest" time="0"/>
  <testcase name="testGraphContains{String}[644]" classname="MathResearch2019.Tests.ReconfigurationGraphTest" time="0"/>
  <testcase name="testGraphContains{String}[645]" classname="MathResearch2019.Tests.ReconfigurationGraphTest" time="0"/>
  <testcase name="testGraphContains{String}[646]" classname="MathResearch2019.Tests.ReconfigurationGraphTest" time="0"/>
  <testcase name="testGraphContains{String}[647]" classname="MathResearch2019.Tests.ReconfigurationGraphTest" time="0"/>
  <testcase name="testGraphContains{String}[648]" classname="MathResearch2019.Tests.ReconfigurationGraphTest" time="0"/>
  <testcase name="testGraphContains{String}[649]" classname="MathResearch2019.Tests.ReconfigurationGraphTest" time="0.001"/>
  <testcase name="testGraphContains{String}[650]" classname="MathResearch2019.Tests.ReconfigurationGraphTest" time="0"/>
  <testcase name="testGraphContains{String}[651]" classname="MathResearch2019.Tests.ReconfigurationGraphTest" time="0"/>
[...]
  <testcase name="testGraphContains{String}[1515]" classname="MathResearch2019.Tests.ReconfigurationGraphTest" time="0"/>
  <testcase name="testGraphContains{String}[1516]" classname="MathResearch2019.Tests.ReconfigurationGraphTest" time="0"/>
  <testcase name="testGraphContains{String}[1517]" classname="MathResearch2019.Tests.ReconfigurationGraphTest" time="0.001"/>
  <testcase name="testGraphContains{String}[1518]" classname="MathResearch2019.Tests.ReconfigurationGraphTest" time="0"/>
  <testcase name="testGraphContains{String}[1519]" classname="MathResearch2019.Tests.ReconfigurationGraphTest" time="0.001"/>
  <testcase name="testGraphContains{String}[1520]" classname="MathResearch2019.Tests.ReconfigurationGraphTest" time="0"/>
  <testcase name="testGraphContains{String}[1521]" classname="MathResearch2019.Tests.ReconfigurationGraphTest" time="0"/>
  <testcase name="testGraphContains{String}[1522]" classname="MathResearch2019.Tests.ReconfigurationGraphTest" time="0"/>
  <testcase name="testGraphContains{String}[1523]" classname="MathResearch2019.Tests.ReconfigurationGraphTest" time="0"/>
  <testcase name="testGraphContains{String}[1524]" classname="MathResearch2019.Tests.ReconfigurationGraphTest" time="0"/>
  <testcase name="testGraphContains{String}[1525]" classname="MathResearch2019.Tests.ReconfigurationGraphTest" time="0"/>
  <testcase name="testGraphContains{String}[1526]" classname="MathResearch2019.Tests.ReconfigurationGraphTest" time="0"/>
  <testcase name="testGraphContains{String}[1527]" classname="MathResearch2019.Tests.ReconfigurationGraphTest" time="0"/>
  <testcase name="testGraphContains{String}[1528]" classname="MathResearch2019.Tests.ReconfigurationGraphTest" time="0"/>
  <testcase name="testGraphContains{String}[1529]" classname="MathResearch2019.Tests.ReconfigurationGraphTest" time="0"/>
  <testcase name="testGraphContains{String}[1530]" classname="MathResearch2019.Tests.ReconfigurationGraphTest" time="0"/>
  <testcase name="testGraphContains{String}[1531]" classname="MathResearch2019.Tests.ReconfigurationGraphTest" time="0"/>
  <testcase name="testGraphContains{String}[1532]" classname="MathResearch2019.Tests.ReconfigurationGraphTest" time="0"/>
  <testcase name="testGraphContains{String}[1533]" classname="MathResearch2019.Tests.ReconfigurationGraphTest" time="0"/>
  <testcase name="testGraphContains{String}[1534]" classname="MathResearch2019.Tests.ReconfigurationGraphTest" time="0"/>
  <testcase name="testGraphContains{String}[1535]" classname="MathResearch2019.Tests.ReconfigurationGraphTest" time="0.001"/>
  <testcase name="testGraphContains{String}[1536]" classname="MathResearch2019.Tests.ReconfigurationGraphTest" time="0.001"/>
  <testcase name="testGraphContains{String}[1537]" classname="MathResearch2019.Tests.ReconfigurationGraphTest" time="0"/>
  <testcase name="testGraphContains{String}[1538]" classname="MathResearch2019.Tests.ReconfigurationGraphTest" time="0"/>
  <testcase name="testGraphContains{String}[1539]" classname="MathResearch2019.Tests.ReconfigurationGraphTest" time="0"/>
  <testcase name="testGraphContains{String}[1540]" classname="MathResearch2019.Tests.ReconfigurationGraphTest" time="0"/>
  <testcase name="testGraphContains{String}[1541]" classname="MathResearch2019.Tests.ReconfigurationGraphTest" time="0.001"/>
  <testcase name="testGraphContains{String}[1542]" classname="MathResearch2019.Tests.ReconfigurationGraphTest" time="0"/>
  <testcase name="testGraphContains{String}[1543]" classname="MathResearch2019.Tests.ReconfigurationGraphTest" time="0"/>
  <testcase name="testGraphContains{String}[1544]" classname="MathResearch2019.Tests.ReconfigurationGraphTest" time="0"/>
  <testcase name="testGraphContains{String}[1545]" classname="MathResearch2019.Tests.ReconfigurationGraphTest" time="0"/>
  <testcase name="testGraphContains{String}[1546]" classname="MathResearch2019.Tests.ReconfigurationGraphTest" time="0"/>
  <testcase name="testGraphContains{String}[1547]" classname="MathResearch2019.Tests.ReconfigurationGraphTest" time="0"/>
  <testcase name="testGraphContains{String}[1548]" classname="MathResearch2019.Tests.ReconfigurationGraphTest" time="0"/>
  <testcase name="testGraphContains{String}[1549]" classname="MathResearch2019.Tests.ReconfigurationGraphTest" time="0"/>
  <testcase name="testGraphContains{String}[1550]" classname="MathResearch2019.Tests.ReconfigurationGraphTest" time="0.001"/>
  <testcase name="testGraphContains{String}[1551]" classname="MathResearch2019.Tests.ReconfigurationGraphTest" time="0"/>
  <testcase name="testGraphContains{String}[1552]" classname="MathResearch2019.Tests.ReconfigurationGraphTest" time="0"/>
  <testcase name="testGraphContains{String}[1553]" classname="MathResearch2019.Tests.ReconfigurationGraphTest" time="0"/>
  <testcase name="testGraphContains{String}[1554]" classname="MathResearch2019.Tests.ReconfigurationGraphTest" time="0"/>
  <testcase name="testGraphContains{String}[1555]" classname="MathResearch2019.Tests.ReconfigurationGraphTest" time="0.001"/>
  <testcase name="testGraphContains{String}[1556]" classname="MathResearch2019.Tests.ReconfigurationGraphTest" time="0"/>
  <testcase name="testGraphContains{String}[1557]" classname="MathResearch2019.Tests.ReconfigurationGraphTest" time="0.001"/>
  <testcase name="testGraphContains{String}[1558]" classname="MathResearch2019.Tests.ReconfigurationGraphTest" time="0"/>
  <testcase name="testGraphContains{String}[1559]" classname="MathResearch2019.Tests.ReconfigurationGraphTest" time="0"/>
  <testcase name="testGraphContains{String}[1560]" classname="MathResearch2019.Tests.ReconfigurationGraphTest" time="0"/>
  <testcase name="testGraphContains{String}[1561]" classname="MathResearch2019.Tests.ReconfigurationGraphTest" time="0"/>
  <testcase name="testGraphContains{String}[1562]" classname="MathResearch2019.Tests.ReconfigurationGraphTest" time="0"/>
  <testcase name="testGraphContains{String}[1563]" classname="MathResearch2019.Tests.ReconfigurationGraphTest" time="0"/>
  <testcase name="testGraphContains{String}[1564]" classname="MathResearch2019.Tests.ReconfigurationGraphTest" time="0"/>
  <testcase name="testGraphContains{String}[1565]" classname="MathResearch2019.Tests.ReconfigurationGraphTest" time="0"/>
  <testcase name="testGraphContains{String}[1566]" classname="MathResearch2019.Tests.ReconfigurationGraphTest" time="0"/>
  <testcase name="testGraphContains{String}[1567]" classname="MathResearch2019.Tests.ReconfigurationGraphTest" time="0"/>
  <testcase name="testGraphContains{String}[1568]" classname="MathResearch2019.Tests.ReconfigurationGraphTest" time="0"/>
  <testcase name="testGraphContains{String}[1569]" classname="MathResearch2019.Tests.ReconfigurationGraphTest" time="0"/>
  <testcase name="testGraphContains{String}[1570]" classname="MathResearch2019.Tests.ReconfigurationGraphTest" time="0.001"/>
  <testcase name="testGraphContains{String}[1571]" classname="MathResearch2019.Tests.ReconfigurationGraphTest" time="0"/>
  <testcase name="testGraphContains{String}[1572]" classname="MathResearch2019.Tests.ReconfigurationGraphTest" time="0"/>
  <testcase name="testGraphContains{String}[1573]" classname="MathResearch2019.Tests.ReconfigurationGraphTest" time="0"/>
  <testcase name="testGraphContains{String}[1574]" classname="MathResearch2019.Tests.ReconfigurationGraphTest" time="0"/>
  <testcase name="testGraphContains{String}[1575]" classname="MathResearch2019.Tests.ReconfigurationGraphTest" time="0"/>
  <testcase name="testGraphContains{String}[1576]" classname="MathResearch2019.Tests.ReconfigurationGraphTest" time="0"/>
  <testcase name="testGraphContains{String}[1577]" classname="MathResearch2019.Tests.ReconfigurationGraphTest" time="0"/>
  <testcase name="testGraphContains{String}[1578]" classname="MathResearch2019.Tests.ReconfigurationGraphTest" time="0.001"/>
  <testcase name="testGraphContains{String}[1579]" classname="MathResearch2019.Tests.ReconfigurationGraphTest" time="0"/>
  <testcase name="testGraphContains{String}[1580]" classname="MathResearch2019.Tests.ReconfigurationGraphTest" time="0"/>
  <testcase name="testGraphContains{String}[1581]" classname="MathResearch2019.Tests.ReconfigurationGraphTest" time="0"/>
  <testcase name="testGraphContains{String}[1582]" classname="MathResearch2019.Tests.ReconfigurationGraphTest" time="0"/>
  <testcase name="testGraphContains{String}[1583]" classname="MathResearch2019.Tests.ReconfigurationGraphTest" time="0"/>
  <testcase name="testGraphContains{String}[1584]" classname="MathResearch2019.Tests.ReconfigurationGraphTest" time="0.001"/>
  <testcase name="testGraphContains{String}[1585]" classname="MathResearch2019.Tests.ReconfigurationGraphTest" time="0"/>
  <testcase name="testGraphContains{String}[1586]" classname="MathResearch2019.Tests.ReconfigurationGraphTest" time="0"/>
  <testcase name="testGraphContains{String}[1587]" classname="MathResearch2019.Tests.ReconfigurationGraphTest" time="0"/>
  <testcase name="testGraphContains{String}[1588]" classname="MathResearch2019.Tests.ReconfigurationGraphTest" time="0.002"/>
  <testcase name="testGraphContains{String}[1589]" classname="MathResearch2019.Tests.ReconfigurationGraphTest" time="0"/>
  <testcase name="testGraphContains{String}[1590]" classname="MathResearch2019.Tests.ReconfigurationGraphTest" time="0"/>
  <testcase name="testGraphContains{String}[1591]" classname="MathResearch2019.Tests.ReconfigurationGraphTest" time="0"/>
  <testcase name="testGraphContains{String}[1592]" classname="MathResearch2019.Tests.ReconfigurationGraphTest" time="0"/>
  <testcase name="testGraphContains{String}[1593]" classname="MathResearch2019.Tests.ReconfigurationGraphTest" time="0"/>
  <testcase name="testGraphContains{String}[1594]" classname="MathResearch2019.Tests.ReconfigurationGraphTest" time="0"/>
  <testcase name="testGraphContains{String}[1595]" classname="MathResearch2019.Tests.ReconfigurationGraphTest" time="0"/>
  <testcase name="testGraphContains{String}[1596]" classname="MathResearch2019.Tests.ReconfigurationGraphTest" time="0"/>
  <testcase name="testGraphContains{String}[1597]" classname="MathResearch2019.Tests.ReconfigurationGraphTest" time="0"/>
  <testcase name="testGraphContains{String}[1598]" classname="MathResearch2019.Tests.ReconfigurationGraphTest" time="0"/>
  <testcase name="testGraphContains{String}[1599]" classname="MathResearch2019.Tests.ReconfigurationGraphTest" time="0"/>
  <testcase name="testGraphContains{String}[1600]" classname="MathResearch2019.Tests.ReconfigurationGraphTest" time="0"/>
  <testcase name="testGraphContains{String}[1601]" classname="MathResearch2019.Tests.ReconfigurationGraphTest" time="0"/>
  <testcase name="testGraphContains{String}[1602]" classname="MathResearch2019.Tests.ReconfigurationGraphTest" time="0"/>
  <testcase name="testGraphContains{String}[1603]" classname="MathResearch2019.Tests.ReconfigurationGraphTest" time="0"/>
  <testcase name="testGraphContains{String}[1604]" classname="MathResearch2019.Tests.ReconfigurationGraphTest" time="0"/>
  <testcase name="testGraphContains{String}[1605]" classname="MathResearch2019.Tests.ReconfigurationGraphTest" time="0"/>
  <testcase name="testGraphContains{String}[1606]" classname="MathResearch2019.Tests.ReconfigurationGraphTest" time="0"/>
  <testcase name="testGraphContains{String}[1607]" classname="MathResearch2019.Tests.ReconfigurationGraphTest" time="0"/>
  <testcase name="testGraphContains{String}[1608]" classname="MathResearch2019.Tests.ReconfigurationGraphTest" time="0"/>
  <testcase name="testGraphContains{String}[1609]" classname="MathResearch2019.Tests.ReconfigurationGraphTest" time="0"/>
  <testcase name="testGraphContains{String}[1610]" classname="MathResearch2019.Tests.ReconfigurationGraphTest" time="0"/>
  <testcase name="testGraphContains{String}[1611]" classname="MathResearch2019.Tests.ReconfigurationGraphTest" time="0"/>
  <testcase name="testGraphContains{String}[1612]" classname="MathResearch2019.Tests.ReconfigurationGraphTest" time="0.001"/>
  <testcase name="testGraphContains{String}[1613]" classname="MathResearch2019.Tests.ReconfigurationGraphTest" time="0"/>
  <testcase name="testGraphContains{String}[1614]" classname="MathResearch2019.Tests.ReconfigurationGraphTest" time="0"/>
  <testcase name="testGraphContains{String}[1615]" classname="MathResearch2019.Tests.ReconfigurationGraphTest" time="0"/>
  <testcase name="testGraphContains{String}[1616]" classname="MathResearch2019.Tests.ReconfigurationGraphTest" time="0"/>
  <testcase name="testGraphContains{String}[1617]" classname="MathResearch2019.Tests.ReconfigurationGraphTest" time="0"/>
  <testcase name="testGraphContains{String}[1618]" classname="MathResearch2019.Tests.ReconfigurationGraphTest" time="0"/>
  <testcase name="testGraphContains{String}[1619]" classname="MathResearch2019.Tests.ReconfigurationGraphTest" time="0.001"/>
  <testcase name="testGraphContains{String}[1620]" classname="MathResearch2019.Tests.ReconfigurationGraphTest" time="0"/>
  <testcase name="testGraphContains{String}[1621]" classname="MathResearch2019.Tests.ReconfigurationGraphTest" time="0"/>
  <testcase name="testGraphContains{String}[1622]" classname="MathResearch2019.Tests.ReconfigurationGraphTest" time="0"/>
  <testcase name="testGraphContains{String}[1623]" classname="MathResearch2019.Tests.ReconfigurationGraphTest" time="0"/>
  <testcase name="testGraphContains{String}[1624]" classname="MathResearch2019.Tests.ReconfigurationGraphTest" time="0"/>
  <testcase name="testGraphContains{String}[1625]" classname="MathResearch2019.Tests.ReconfigurationGraphTest" time="0"/>
  <testcase name="testGraphContains{String}[1626]" classname="MathResearch2019.Tests.ReconfigurationGraphTest" time="0"/>
  <testcase name="testGraphContains{String}[1627]" classname="MathResearch2019.Tests.ReconfigurationGraphTest" time="0"/>
  <testcase name="testGraphContains{String}[1628]" classname="MathResearch2019.Tests.ReconfigurationGraphTest" time="0"/>
  <testcase name="testGraphContains{String}[1629]" classname="MathResearch2019.Tests.ReconfigurationGraphTest" time="0"/>
  <testcase name="testGraphContains{String}[1630]" classname="MathResearch2019.Tests.ReconfigurationGraphTest" time="0"/>
  <testcase name="testGraphContains{String}[1631]" classname="MathResearch2019.Tests.ReconfigurationGraphTest" time="0"/>
  <testcase name="testGraphContains{String}[1632]" classname="MathResearch2019.Tests.ReconfigurationGraphTest" time="0"/>
  <testcase name="testGraphContains{String}[1633]" classname="MathResearch2019.Tests.ReconfigurationGraphTest" time="0.001"/>
  <testcase name="testGraphContains{String}[1634]" classname="MathResearch2019.Tests.ReconfigurationGraphTest" time="0.001"/>
  <testcase name="testGraphContains{String}[1635]" classname="MathResearch2019.Tests.ReconfigurationGraphTest" time="0"/>
  <testcase name="testGraphContains{String}[1636]" classname="MathResearch2019.Tests.ReconfigurationGraphTest" time="0"/>
  <testcase name="testGraphContains{String}[1637]" classname="MathResearch2019.Tests.ReconfigurationGraphTest" time="0"/>
  <testcase name="testGraphContains{String}[1638]" classname="MathResearch2019.Tests.ReconfigurationGraphTest" time="0.001"/>
  <testcase name="testGraphContains{String}[1639]" classname="MathResearch2019.Tests.ReconfigurationGraphTest" time="0"/>
  <testcase name="testGraphContains{String}[1640]" classname="MathResearch2019.Tests.ReconfigurationGraphTest" time="0"/>
  <testcase name="testGraphContains{String}[1641]" classname="MathResearch2019.Tests.ReconfigurationGraphTest" time="0"/>
  <testcase name="testGraphContains{String}[1642]" classname="MathResearch2019.Tests.ReconfigurationGraphTest" time="0.001"/>
  <testcase name="testGraphContains{String}[1643]" classname="MathResearch2019.Tests.ReconfigurationGraphTest" time="0"/>
  <testcase name="testGraphContains{String}[1644]" classname="MathResearch2019.Tests.ReconfigurationGraphTest" time="0"/>
  <testcase name="testGraphContains{String}[1645]" classname="MathResearch2019.Tests.ReconfigurationGraphTest" time="0"/>
  <testcase name="testGraphContains{String}[1646]" classname="MathResearch2019.Tests.ReconfigurationGraphTest" time="0"/>
  <testcase name="testGraphContains{String}[1647]" classname="MathResearch2019.Tests.ReconfigurationGraphTest" time="0"/>
  <testcase name="testGraphContains{String}[1648]" classname="MathResearch2019.Tests.ReconfigurationGraphTest" time="0.001"/>
  <testcase name="testGraphContains{String}[1649]" classname="MathResearch2019.Tests.ReconfigurationGraphTest" time="0.001"/>
  <testcase name="testGraphContains{String}[1650]" classname="MathResearch2019.Tests.ReconfigurationGraphTest" time="0"/>
  <testcase name="testGraphContains{String}[1651]" classname="MathResearch2019.Tests.ReconfigurationGraphTest" time="0"/>
  <testcase name="testGraphContains{String}[1652]" classname="MathResearch2019.Tests.ReconfigurationGraphTest" time="0.001"/>
  <testcase name="testGraphContains{String}[1653]" classname="MathResearch2019.Tests.ReconfigurationGraphTest" time="0.001"/>
  <testcase name="testGraphContains{String}[1654]" classname="MathResearch2019.Tests.ReconfigurationGraphTest" time="0"/>
  <testcase name="testGraphContains{String}[1655]" classname="MathResearch2019.Tests.ReconfigurationGraphTest" time="0"/>
  <testcase name="testGraphContains{String}[1656]" classname="MathResearch2019.Tests.ReconfigurationGraphTest" time="0"/>
  <testcase name="testGraphContains{String}[1657]" classname="MathResearch2019.Tests.ReconfigurationGraphTest" time="0"/>
  <testcase name="testGraphContains{String}[1658]" classname="MathResearch2019.Tests.ReconfigurationGraphTest" time="0"/>
  <testcase name="testGraphContains{String}[1659]" classname="MathResearch2019.Tests.ReconfigurationGraphTest" time="0"/>
  <testcase name="testGraphContains{String}[1660]" classname="MathResearch2019.Tests.ReconfigurationGraphTest" time="0"/>
  <testcase name="testGraphContains{String}[1661]" classname="MathResearch2019.Tests.ReconfigurationGraphTest" time="0.001"/>
  <testcase name="testGraphContains{String}[1662]" classname="MathResearch2019.Tests.ReconfigurationGraphTest" time="0"/>
  <testcase name="testGraphContains{String}[1663]" classname="MathResearch2019.Tests.ReconfigurationGraphTest" time="0"/>
  <testcase name="testGraphContains{String}[1664]" classname="MathResearch2019.Tests.ReconfigurationGraphTest" time="0"/>
  <testcase name="testGraphContains{String}[1665]" classname="MathResearch2019.Tests.ReconfigurationGraphTest" time="0.001"/>
  <testcase name="testGraphContains{String}[1666]" classname="MathResearch2019.Tests.ReconfigurationGraphTest" time="0"/>
  <testcase name="testGraphContains{String}[1667]" classname="MathResearch2019.Tests.ReconfigurationGraphTest" time="0"/>
  <testcase name="testGraphContains{String}[1668]" classname="MathResearch2019.Tests.ReconfigurationGraphTest" time="0"/>
  <testcase name="testGraphContains{String}[1669]" classname="MathResearch2019.Tests.ReconfigurationGraphTest" time="0.001"/>
  <testcase name="testGraphContains{String}[1670]" classname="MathResearch2019.Tests.ReconfigurationGraphTest" time="0"/>
  <testcase name="testGraphContains{String}[1671]" classname="MathResearch2019.Tests.ReconfigurationGraphTest" time="0.001"/>
  <testcase name="testGraphContains{String}[1672]" classname="MathResearch2019.Tests.ReconfigurationGraphTest" time="0"/>
  <testcase name="testGraphContains{String}[1673]" classname="MathResearch2019.Tests.ReconfigurationGraphTest" time="0"/>
  <testcase name="testGraphContains{String}[1674]" classname="MathResearch2019.Tests.ReconfigurationGraphTest" time="0"/>
  <testcase name="testGraphContains{String}[1675]" classname="MathResearch2019.Tests.ReconfigurationGraphTest" time="0"/>
  <testcase name="testGraphContains{String}[1676]" classname="MathResearch2019.Tests.ReconfigurationGraphTest" time="0"/>
</testsuite>